

Microchip MPLAB XC8 Assembler V2.31 build 20201012212115 
                                                                                               Mon Feb 15 23:34:20 2021

Microchip MPLAB XC8 C Compiler v2.31 (Free license) build 20201012212115 Og1 
     1                           	processor	16F887
     2                           	pagewidth 120
     3                           	opt	flic
     4                           	psect	cinit,global,class=CODE,merge=1,delta=2
     5                           	psect	bssCOMMON,global,class=COMMON,space=1,delta=1,noexec
     6                           	psect	bssBANK0,global,class=BANK0,space=1,delta=1,noexec
     7                           	psect	cstackCOMMON,global,class=COMMON,space=1,delta=1,noexec
     8                           	psect	cstackBANK0,global,class=BANK0,space=1,delta=1,noexec
     9                           	psect	maintext,global,class=CODE,split=1,delta=2
    10                           	psect	text1,local,class=CODE,merge=1,delta=2
    11                           	psect	text2,local,class=CODE,merge=1,delta=2
    12                           	psect	text3,local,class=CODE,merge=1,delta=2
    13                           	psect	text4,local,class=CODE,merge=1,delta=2,group=1
    14                           	psect	text5,local,class=CODE,merge=1,delta=2,group=1
    15                           	psect	text6,local,class=CODE,merge=1,delta=2
    16                           	psect	intentry,global,class=CODE,delta=2
    17                           	psect	config,global,abs,ovrld,class=CONFIG,space=4,delta=2,noexec
    18                           	dabs	1,0x7E,2
    19  0000                     
    20                           ; Version 2.20
    21                           ; Generated 12/02/2020 GMT
    22                           ; 
    23                           ; Copyright © 2020, Microchip Technology Inc. and its subsidiaries ("Microchip")
    24                           ; All rights reserved.
    25                           ; 
    26                           ; This software is developed by Microchip Technology Inc. and its subsidiaries ("Microch
      +                          ip").
    27                           ; 
    28                           ; Redistribution and use in source and binary forms, with or without modification, are
    29                           ; permitted provided that the following conditions are met:
    30                           ; 
    31                           ;     1. Redistributions of source code must retain the above copyright notice, this lis
      +                          t of
    32                           ;        conditions and the following disclaimer.
    33                           ; 
    34                           ;     2. Redistributions in binary form must reproduce the above copyright notice, this 
      +                          list
    35                           ;        of conditions and the following disclaimer in the documentation and/or other
    36                           ;        materials provided with the distribution.
    37                           ; 
    38                           ;     3. Microchip's name may not be used to endorse or promote products derived from th
      +                          is
    39                           ;        software without specific prior written permission.
    40                           ; 
    41                           ; THIS SOFTWARE IS PROVIDED BY MICROCHIP "AS IS" AND ANY EXPRESS OR IMPLIED WARRANTIES,
    42                           ; INCLUDING, BUT NOT LIMITED TO, THE IMPLIED WARRANTIES OF MERCHANTABILITY AND FITNESS F
      +                          OR
    43                           ; PURPOSE ARE DISCLAIMED.  IN NO EVENT SHALL MICROCHIP BE LIABLE FOR ANY DIRECT, INDIREC
      +                          T,
    44                           ; INCIDENTAL, SPECIAL, EXEMPLARY, OR CONSEQUENTIAL DAMAGES (INCLUDING BUT NOT LIMITED TO
    45                           ; PROCUREMENT OF SUBSTITUTE GOODS OR SERVICES; LOSS OF USE, DATA OR PROFITS; OR BUSINESS
    46                           ; INTERRUPTION) HOWSOEVER CAUSED AND ON ANY THEORY OF LIABILITY, WHETHER IN CONTRACT, ST
      +                          RICT
    47                           ; LIABILITY, OR TORT (INCLUDING NEGLIGENCE OR OTHERWISE) ARISING IN ANY WAY OUT OF THE U
      +                          SE OF
    48                           ; THIS SOFTWARE, EVEN IF ADVISED OF THE POSSIBILITY OF SUCH DAMAGE.
    49                           ; 
    50                           ; 
    51                           ; Code-generator required, PIC16F887 Definitions
    52                           ; 
    53                           ; SFR Addresses
    54  0000                     	;# 
    55  0001                     	;# 
    56  0002                     	;# 
    57  0003                     	;# 
    58  0004                     	;# 
    59  0005                     	;# 
    60  0006                     	;# 
    61  0007                     	;# 
    62  0008                     	;# 
    63  0009                     	;# 
    64  000A                     	;# 
    65  000B                     	;# 
    66  000C                     	;# 
    67  000D                     	;# 
    68  000E                     	;# 
    69  000E                     	;# 
    70  000F                     	;# 
    71  0010                     	;# 
    72  0011                     	;# 
    73  0012                     	;# 
    74  0013                     	;# 
    75  0014                     	;# 
    76  0015                     	;# 
    77  0015                     	;# 
    78  0016                     	;# 
    79  0017                     	;# 
    80  0018                     	;# 
    81  0019                     	;# 
    82  001A                     	;# 
    83  001B                     	;# 
    84  001B                     	;# 
    85  001C                     	;# 
    86  001D                     	;# 
    87  001E                     	;# 
    88  001F                     	;# 
    89  0081                     	;# 
    90  0085                     	;# 
    91  0086                     	;# 
    92  0087                     	;# 
    93  0088                     	;# 
    94  0089                     	;# 
    95  008C                     	;# 
    96  008D                     	;# 
    97  008E                     	;# 
    98  008F                     	;# 
    99  0090                     	;# 
   100  0091                     	;# 
   101  0092                     	;# 
   102  0093                     	;# 
   103  0093                     	;# 
   104  0093                     	;# 
   105  0094                     	;# 
   106  0095                     	;# 
   107  0096                     	;# 
   108  0097                     	;# 
   109  0098                     	;# 
   110  0099                     	;# 
   111  009A                     	;# 
   112  009B                     	;# 
   113  009C                     	;# 
   114  009D                     	;# 
   115  009E                     	;# 
   116  009F                     	;# 
   117  0105                     	;# 
   118  0107                     	;# 
   119  0108                     	;# 
   120  0109                     	;# 
   121  010C                     	;# 
   122  010C                     	;# 
   123  010D                     	;# 
   124  010E                     	;# 
   125  010F                     	;# 
   126  0185                     	;# 
   127  0187                     	;# 
   128  0188                     	;# 
   129  0189                     	;# 
   130  018C                     	;# 
   131  018D                     	;# 
   132  0000                     	;# 
   133  0001                     	;# 
   134  0002                     	;# 
   135  0003                     	;# 
   136  0004                     	;# 
   137  0005                     	;# 
   138  0006                     	;# 
   139  0007                     	;# 
   140  0008                     	;# 
   141  0009                     	;# 
   142  000A                     	;# 
   143  000B                     	;# 
   144  000C                     	;# 
   145  000D                     	;# 
   146  000E                     	;# 
   147  000E                     	;# 
   148  000F                     	;# 
   149  0010                     	;# 
   150  0011                     	;# 
   151  0012                     	;# 
   152  0013                     	;# 
   153  0014                     	;# 
   154  0015                     	;# 
   155  0015                     	;# 
   156  0016                     	;# 
   157  0017                     	;# 
   158  0018                     	;# 
   159  0019                     	;# 
   160  001A                     	;# 
   161  001B                     	;# 
   162  001B                     	;# 
   163  001C                     	;# 
   164  001D                     	;# 
   165  001E                     	;# 
   166  001F                     	;# 
   167  0081                     	;# 
   168  0085                     	;# 
   169  0086                     	;# 
   170  0087                     	;# 
   171  0088                     	;# 
   172  0089                     	;# 
   173  008C                     	;# 
   174  008D                     	;# 
   175  008E                     	;# 
   176  008F                     	;# 
   177  0090                     	;# 
   178  0091                     	;# 
   179  0092                     	;# 
   180  0093                     	;# 
   181  0093                     	;# 
   182  0093                     	;# 
   183  0094                     	;# 
   184  0095                     	;# 
   185  0096                     	;# 
   186  0097                     	;# 
   187  0098                     	;# 
   188  0099                     	;# 
   189  009A                     	;# 
   190  009B                     	;# 
   191  009C                     	;# 
   192  009D                     	;# 
   193  009E                     	;# 
   194  009F                     	;# 
   195  0105                     	;# 
   196  0107                     	;# 
   197  0108                     	;# 
   198  0109                     	;# 
   199  010C                     	;# 
   200  010C                     	;# 
   201  010D                     	;# 
   202  010E                     	;# 
   203  010F                     	;# 
   204  0185                     	;# 
   205  0187                     	;# 
   206  0188                     	;# 
   207  0189                     	;# 
   208  018C                     	;# 
   209  018D                     	;# 
   210  0000                     	;# 
   211  0001                     	;# 
   212  0002                     	;# 
   213  0003                     	;# 
   214  0004                     	;# 
   215  0005                     	;# 
   216  0006                     	;# 
   217  0007                     	;# 
   218  0008                     	;# 
   219  0009                     	;# 
   220  000A                     	;# 
   221  000B                     	;# 
   222  000C                     	;# 
   223  000D                     	;# 
   224  000E                     	;# 
   225  000E                     	;# 
   226  000F                     	;# 
   227  0010                     	;# 
   228  0011                     	;# 
   229  0012                     	;# 
   230  0013                     	;# 
   231  0014                     	;# 
   232  0015                     	;# 
   233  0015                     	;# 
   234  0016                     	;# 
   235  0017                     	;# 
   236  0018                     	;# 
   237  0019                     	;# 
   238  001A                     	;# 
   239  001B                     	;# 
   240  001B                     	;# 
   241  001C                     	;# 
   242  001D                     	;# 
   243  001E                     	;# 
   244  001F                     	;# 
   245  0081                     	;# 
   246  0085                     	;# 
   247  0086                     	;# 
   248  0087                     	;# 
   249  0088                     	;# 
   250  0089                     	;# 
   251  008C                     	;# 
   252  008D                     	;# 
   253  008E                     	;# 
   254  008F                     	;# 
   255  0090                     	;# 
   256  0091                     	;# 
   257  0092                     	;# 
   258  0093                     	;# 
   259  0093                     	;# 
   260  0093                     	;# 
   261  0094                     	;# 
   262  0095                     	;# 
   263  0096                     	;# 
   264  0097                     	;# 
   265  0098                     	;# 
   266  0099                     	;# 
   267  009A                     	;# 
   268  009B                     	;# 
   269  009C                     	;# 
   270  009D                     	;# 
   271  009E                     	;# 
   272  009F                     	;# 
   273  0105                     	;# 
   274  0107                     	;# 
   275  0108                     	;# 
   276  0109                     	;# 
   277  010C                     	;# 
   278  010C                     	;# 
   279  010D                     	;# 
   280  010E                     	;# 
   281  010F                     	;# 
   282  0185                     	;# 
   283  0187                     	;# 
   284  0188                     	;# 
   285  0189                     	;# 
   286  018C                     	;# 
   287  018D                     	;# 
   288  001F                     _ADCON0	set	31
   289  0009                     _PORTE	set	9
   290  0008                     _PORTD	set	8
   291  0007                     _PORTC	set	7
   292  0006                     _PORTB	set	6
   293  0005                     _PORTA	set	5
   294  001E                     _ADRESH	set	30
   295  001F                     _ADCON0bits	set	31
   296  004A                     _RE2	set	74
   297  0049                     _RE1	set	73
   298  0048                     _RE0	set	72
   299  009F                     _ADCON1	set	159
   300  0089                     _TRISE	set	137
   301  0088                     _TRISD	set	136
   302  0087                     _TRISC	set	135
   303  0086                     _TRISB	set	134
   304  0085                     _TRISA	set	133
   305  008F                     _OSCCONbits	set	143
   306  0189                     _ANSELH	set	393
   307  0188                     _ANSEL	set	392
   308                           
   309                           	psect	cinit
   310  000F                     start_initialization:	
   311                           ; #config settings
   312                           
   313  000F                     __initialization:
   314                           
   315                           ; Clear objects allocated to COMMON
   316  000F  01F9               	clrf	__pbssCOMMON& (0+127)
   317  0010  01FA               	clrf	(__pbssCOMMON+1)& (0+127)
   318                           
   319                           ; Clear objects allocated to BANK0
   320  0011  1283               	bcf	3,5	;RP0=0, select bank0
   321  0012  1303               	bcf	3,6	;RP1=0, select bank0
   322  0013  01AA               	clrf	__pbssBANK0& (0+127)
   323  0014  01AB               	clrf	(__pbssBANK0+1)& (0+127)
   324  0015  01AC               	clrf	(__pbssBANK0+2)& (0+127)
   325  0016  01AD               	clrf	(__pbssBANK0+3)& (0+127)
   326  0017                     end_of_initialization:	
   327                           ;End of C runtime variable initialization code
   328                           
   329  0017                     __end_of__initialization:
   330  0017  0183               	clrf	3
   331  0018  120A  118A  28E0   	ljmp	_main	;jump to C main() function
   332                           
   333                           	psect	bssCOMMON
   334  0079                     __pbssCOMMON:
   335  0079                     _mv_temp_val:
   336  0079                     	ds	2
   337                           
   338                           	psect	bssBANK0
   339  002A                     __pbssBANK0:
   340  002A                     _temp_val:
   341  002A                     	ds	2
   342  002C                     _temp:
   343  002C                     	ds	2
   344                           
   345                           	psect	cstackCOMMON
   346  0070                     __pcstackCOMMON:
   347  0070                     ?_setup:
   348  0070                     ?_semaforo:	
   349                           ; 1 bytes @ 0x0
   350                           
   351  0070                     ?_initOsc:	
   352                           ; 1 bytes @ 0x0
   353                           
   354  0070                     ?_ISR:	
   355                           ; 1 bytes @ 0x0
   356                           
   357  0070                     ??_ISR:	
   358                           ; 1 bytes @ 0x0
   359                           
   360  0070                     ?_main:	
   361                           ; 1 bytes @ 0x0
   362                           
   363                           
   364                           ; 1 bytes @ 0x0
   365  0070                     	ds	2
   366  0072                     ??_semaforo:
   367  0072                     ??_initOsc:	
   368                           ; 1 bytes @ 0x2
   369                           
   370  0072                     ?___wmul:	
   371                           ; 1 bytes @ 0x2
   372                           
   373  0072                     ___wmul@multiplier:	
   374                           ; 2 bytes @ 0x2
   375                           
   376                           
   377                           ; 2 bytes @ 0x2
   378  0072                     	ds	2
   379  0074                     initOsc@IRCF:
   380  0074                     ___wmul@multiplicand:	
   381                           ; 1 bytes @ 0x4
   382                           
   383                           
   384                           ; 2 bytes @ 0x4
   385  0074                     	ds	1
   386  0075                     ??_setup:
   387                           
   388                           ; 1 bytes @ 0x5
   389  0075                     	ds	1
   390  0076                     ??___wmul:
   391  0076                     ___wmul@product:	
   392                           ; 1 bytes @ 0x6
   393                           
   394                           
   395                           ; 2 bytes @ 0x6
   396  0076                     	ds	2
   397  0078                     ??___awdiv:
   398                           
   399                           ; 1 bytes @ 0x8
   400  0078                     	ds	1
   401                           
   402                           	psect	cstackBANK0
   403  0020                     __pcstackBANK0:
   404  0020                     ?___awdiv:
   405  0020                     ___awdiv@divisor:	
   406                           ; 2 bytes @ 0x0
   407                           
   408                           
   409                           ; 2 bytes @ 0x0
   410  0020                     	ds	2
   411  0022                     ___awdiv@dividend:
   412                           
   413                           ; 2 bytes @ 0x2
   414  0022                     	ds	2
   415  0024                     ___awdiv@counter:
   416                           
   417                           ; 1 bytes @ 0x4
   418  0024                     	ds	1
   419  0025                     ___awdiv@sign:
   420                           
   421                           ; 1 bytes @ 0x5
   422  0025                     	ds	1
   423  0026                     ___awdiv@quotient:
   424                           
   425                           ; 2 bytes @ 0x6
   426  0026                     	ds	2
   427  0028                     ??_main:
   428                           
   429                           ; 1 bytes @ 0x8
   430  0028                     	ds	2
   431                           
   432                           	psect	maintext
   433  00E0                     __pmaintext:	
   434 ;;
   435 ;;Main: autosize = 0, tempsize = 2, incstack = 0, save=0
   436 ;;
   437 ;; *************** function _main *****************
   438 ;; Defined at:
   439 ;;		line 66 in file "main_temperatura.c"
   440 ;; Parameters:    Size  Location     Type
   441 ;;		None
   442 ;; Auto vars:     Size  Location     Type
   443 ;;		None
   444 ;; Return value:  Size  Location     Type
   445 ;;                  1    wreg      void 
   446 ;; Registers used:
   447 ;;		wreg, fsr0l, fsr0h, status,2, status,0, btemp+1, pclath, cstack
   448 ;; Tracked objects:
   449 ;;		On entry : B00/0
   450 ;;		On exit  : 0/0
   451 ;;		Unchanged: 0/0
   452 ;; Data sizes:     COMMON   BANK0   BANK1   BANK3   BANK2
   453 ;;      Params:         0       0       0       0       0
   454 ;;      Locals:         0       0       0       0       0
   455 ;;      Temps:          0       2       0       0       0
   456 ;;      Totals:         0       2       0       0       0
   457 ;;Total ram usage:        2 bytes
   458 ;; Hardware stack levels required when called:    3
   459 ;; This function calls:
   460 ;;		___awdiv
   461 ;;		___wmul
   462 ;;		_semaforo
   463 ;;		_setup
   464 ;; This function is called by:
   465 ;;		Startup code after reset
   466 ;; This function uses a non-reentrant model
   467 ;;
   468                           
   469                           
   470                           ;psect for function _main
   471  00E0                     _main:
   472  00E0                     l1005:	
   473                           ;incstack = 0
   474                           ; Regs used in _main: [wreg-fsr0h+status,2+status,0+btemp+1+pclath+cstack]
   475                           
   476                           
   477                           ;main_temperatura.c: 67:     setup();
   478  00E0  120A  118A  2144  120A  118A  	fcall	_setup
   479  00E5                     l1007:
   480                           
   481                           ;main_temperatura.c: 74:         ADCON0bits.GO = 1;
   482  00E5  1283               	bcf	3,5	;RP0=0, select bank0
   483  00E6  1303               	bcf	3,6	;RP1=0, select bank0
   484  00E7  149F               	bsf	31,1	;volatile
   485                           
   486                           ;main_temperatura.c: 75:         while (ADCON0bits.GO != 0) {
   487  00E8  2912               	goto	l1013
   488  00E9                     l1009:
   489                           
   490                           ;main_temperatura.c: 77:             temp_val = ADRESH;
   491  00E9  081E               	movf	30,w	;volatile
   492  00EA  00A8               	movwf	??_main
   493  00EB  01A9               	clrf	??_main+1
   494  00EC  0828               	movf	??_main,w
   495  00ED  00AA               	movwf	_temp_val
   496  00EE  0829               	movf	??_main+1,w
   497  00EF  00AB               	movwf	_temp_val+1
   498  00F0                     l1011:
   499                           
   500                           ;main_temperatura.c: 78:             mv_temp_val = ((temp_val * 500) / 255);
   501  00F0  30FF               	movlw	255
   502  00F1  00A0               	movwf	___awdiv@divisor
   503  00F2  3000               	movlw	0
   504  00F3  00A1               	movwf	___awdiv@divisor+1
   505  00F4  082B               	movf	_temp_val+1,w
   506  00F5  00F3               	movwf	___wmul@multiplier+1
   507  00F6  082A               	movf	_temp_val,w
   508  00F7  00F2               	movwf	___wmul@multiplier
   509  00F8  30F4               	movlw	244
   510  00F9  00F4               	movwf	___wmul@multiplicand
   511  00FA  3001               	movlw	1
   512  00FB  00F5               	movwf	___wmul@multiplicand+1
   513  00FC  120A  118A  211F  120A  118A  	fcall	___wmul
   514  0101  0873               	movf	?___wmul+1,w
   515  0102  1283               	bcf	3,5	;RP0=0, select bank0
   516  0103  1303               	bcf	3,6	;RP1=0, select bank0
   517  0104  00A3               	movwf	___awdiv@dividend+1
   518  0105  0872               	movf	?___wmul,w
   519  0106  00A2               	movwf	___awdiv@dividend
   520  0107  120A  118A  201B  120A  118A  	fcall	___awdiv
   521  010C  1283               	bcf	3,5	;RP0=0, select bank0
   522  010D  1303               	bcf	3,6	;RP1=0, select bank0
   523  010E  0821               	movf	?___awdiv+1,w
   524  010F  00FA               	movwf	_mv_temp_val+1
   525  0110  0820               	movf	?___awdiv,w
   526  0111  00F9               	movwf	_mv_temp_val
   527  0112                     l1013:
   528                           
   529                           ;main_temperatura.c: 75:         while (ADCON0bits.GO != 0) {
   530  0112  189F               	btfsc	31,1	;volatile
   531  0113  2915               	goto	u431
   532  0114  2916               	goto	u430
   533  0115                     u431:
   534  0115  28E9               	goto	l1009
   535  0116                     u430:
   536  0116                     l1015:
   537                           
   538                           ;main_temperatura.c: 86:             semaforo();
   539  0116  120A  118A  2166  120A  118A  	fcall	_semaforo
   540  011B  28E5               	goto	l1007
   541  011C  120A  118A  280C   	ljmp	start
   542  011F                     __end_of_main:
   543                           
   544                           	psect	text1
   545  0144                     __ptext1:	
   546 ;; *************** function _setup *****************
   547 ;; Defined at:
   548 ;;		line 99 in file "main_temperatura.c"
   549 ;; Parameters:    Size  Location     Type
   550 ;;		None
   551 ;; Auto vars:     Size  Location     Type
   552 ;;		None
   553 ;; Return value:  Size  Location     Type
   554 ;;                  1    wreg      void 
   555 ;; Registers used:
   556 ;;		wreg, fsr0l, fsr0h, status,2, status,0, pclath, cstack
   557 ;; Tracked objects:
   558 ;;		On entry : 0/0
   559 ;;		On exit  : 0/0
   560 ;;		Unchanged: 0/0
   561 ;; Data sizes:     COMMON   BANK0   BANK1   BANK3   BANK2
   562 ;;      Params:         0       0       0       0       0
   563 ;;      Locals:         0       0       0       0       0
   564 ;;      Temps:          0       0       0       0       0
   565 ;;      Totals:         0       0       0       0       0
   566 ;;Total ram usage:        0 bytes
   567 ;; Hardware stack levels used:    1
   568 ;; Hardware stack levels required when called:    2
   569 ;; This function calls:
   570 ;;		_initOsc
   571 ;; This function is called by:
   572 ;;		_main
   573 ;; This function uses a non-reentrant model
   574 ;;
   575                           
   576                           
   577                           ;psect for function _setup
   578  0144                     _setup:
   579  0144                     l833:	
   580                           ;incstack = 0
   581                           ; Regs used in _setup: [wreg-fsr0h+status,2+status,0+pclath+cstack]
   582                           
   583                           
   584                           ;main_temperatura.c: 100:     initOsc(0b00000111);
   585  0144  3007               	movlw	7
   586  0145  120A  118A  2084  120A  118A  	fcall	_initOsc
   587  014A                     l835:
   588                           
   589                           ;main_temperatura.c: 101:     ANSEL = 0b00000001;
   590  014A  3001               	movlw	1
   591  014B  1683               	bsf	3,5	;RP0=1, select bank3
   592  014C  1703               	bsf	3,6	;RP1=1, select bank3
   593  014D  0088               	movwf	8	;volatile
   594  014E                     l837:
   595                           
   596                           ;main_temperatura.c: 102:     ANSELH = 0;
   597  014E  0189               	clrf	9	;volatile
   598  014F                     l839:
   599                           
   600                           ;main_temperatura.c: 103:     TRISA = 0b00000001;
   601  014F  3001               	movlw	1
   602  0150  1683               	bsf	3,5	;RP0=1, select bank1
   603  0151  1303               	bcf	3,6	;RP1=0, select bank1
   604  0152  0085               	movwf	5	;volatile
   605  0153                     l841:
   606                           
   607                           ;main_temperatura.c: 104:     TRISB = 0;
   608  0153  0186               	clrf	6	;volatile
   609  0154                     l843:
   610                           
   611                           ;main_temperatura.c: 105:     TRISC = 0;
   612  0154  0187               	clrf	7	;volatile
   613  0155                     l845:
   614                           
   615                           ;main_temperatura.c: 106:     TRISD = 0;
   616  0155  0188               	clrf	8	;volatile
   617  0156                     l847:
   618                           
   619                           ;main_temperatura.c: 107:     TRISE = 0;
   620  0156  0189               	clrf	9	;volatile
   621  0157                     l849:
   622                           
   623                           ;main_temperatura.c: 108:     PORTA = 0;
   624  0157  1283               	bcf	3,5	;RP0=0, select bank0
   625  0158  1303               	bcf	3,6	;RP1=0, select bank0
   626  0159  0185               	clrf	5	;volatile
   627  015A                     l851:
   628                           
   629                           ;main_temperatura.c: 109:     PORTB = 0;
   630  015A  0186               	clrf	6	;volatile
   631  015B                     l853:
   632                           
   633                           ;main_temperatura.c: 110:     PORTC = 0;
   634  015B  0187               	clrf	7	;volatile
   635  015C                     l855:
   636                           
   637                           ;main_temperatura.c: 111:     PORTD = 0;
   638  015C  0188               	clrf	8	;volatile
   639  015D                     l857:
   640                           
   641                           ;main_temperatura.c: 112:     PORTE = 0;
   642  015D  0189               	clrf	9	;volatile
   643  015E                     l859:
   644                           
   645                           ;main_temperatura.c: 113:     ADCON1 = 0;
   646  015E  1683               	bsf	3,5	;RP0=1, select bank1
   647  015F  1303               	bcf	3,6	;RP1=0, select bank1
   648  0160  019F               	clrf	31	;volatile
   649  0161                     l861:
   650                           
   651                           ;main_temperatura.c: 115:     ADCON0 = 0b01000001;
   652  0161  3041               	movlw	65
   653  0162  1283               	bcf	3,5	;RP0=0, select bank0
   654  0163  1303               	bcf	3,6	;RP1=0, select bank0
   655  0164  009F               	movwf	31	;volatile
   656  0165                     l85:
   657  0165  0008               	return
   658  0166                     __end_of_setup:
   659                           
   660                           	psect	text2
   661  0084                     __ptext2:	
   662 ;; *************** function _initOsc *****************
   663 ;; Defined at:
   664 ;;		line 6 in file "Oscilador.c"
   665 ;; Parameters:    Size  Location     Type
   666 ;;  IRCF            1    wreg     unsigned char 
   667 ;; Auto vars:     Size  Location     Type
   668 ;;  IRCF            1    4[COMMON] unsigned char 
   669 ;; Return value:  Size  Location     Type
   670 ;;                  1    wreg      void 
   671 ;; Registers used:
   672 ;;		wreg, fsr0l, fsr0h, status,2, status,0
   673 ;; Tracked objects:
   674 ;;		On entry : 0/0
   675 ;;		On exit  : 0/0
   676 ;;		Unchanged: 0/0
   677 ;; Data sizes:     COMMON   BANK0   BANK1   BANK3   BANK2
   678 ;;      Params:         0       0       0       0       0
   679 ;;      Locals:         1       0       0       0       0
   680 ;;      Temps:          2       0       0       0       0
   681 ;;      Totals:         3       0       0       0       0
   682 ;;Total ram usage:        3 bytes
   683 ;; Hardware stack levels used:    1
   684 ;; Hardware stack levels required when called:    1
   685 ;; This function calls:
   686 ;;		Nothing
   687 ;; This function is called by:
   688 ;;		_setup
   689 ;; This function uses a non-reentrant model
   690 ;;
   691                           
   692                           
   693                           ;psect for function _initOsc
   694  0084                     _initOsc:
   695                           
   696                           ;incstack = 0
   697                           ; Regs used in _initOsc: [wreg-fsr0h+status,2+status,0]
   698                           ;initOsc@IRCF stored from wreg
   699  0084  00F4               	movwf	initOsc@IRCF
   700  0085                     l823:
   701                           
   702                           ;Oscilador.c: 8:     switch(IRCF){
   703  0085  28BC               	goto	l827
   704  0086                     l6:	
   705                           ;Oscilador.c: 9:         case 0:
   706                           
   707                           
   708                           ;Oscilador.c: 10:             OSCCONbits.IRCF2 = 0;
   709  0086  1683               	bsf	3,5	;RP0=1, select bank1
   710  0087  1303               	bcf	3,6	;RP1=0, select bank1
   711  0088  130F               	bcf	15,6	;volatile
   712                           
   713                           ;Oscilador.c: 11:             OSCCONbits.IRCF1 = 0;
   714  0089  128F               	bcf	15,5	;volatile
   715                           
   716                           ;Oscilador.c: 12:             OSCCONbits.IRCF0 = 0;
   717  008A  120F               	bcf	15,4	;volatile
   718                           
   719                           ;Oscilador.c: 13:             break;
   720  008B  28DE               	goto	l7
   721  008C                     l8:	
   722                           ;Oscilador.c: 14:          case 1:
   723                           
   724                           
   725                           ;Oscilador.c: 15:             OSCCONbits.IRCF2 = 0;
   726  008C  1683               	bsf	3,5	;RP0=1, select bank1
   727  008D  1303               	bcf	3,6	;RP1=0, select bank1
   728  008E  130F               	bcf	15,6	;volatile
   729                           
   730                           ;Oscilador.c: 16:             OSCCONbits.IRCF1 = 0;
   731  008F  128F               	bcf	15,5	;volatile
   732                           
   733                           ;Oscilador.c: 17:             OSCCONbits.IRCF0 = 1;
   734  0090  160F               	bsf	15,4	;volatile
   735                           
   736                           ;Oscilador.c: 18:             break;
   737  0091  28DE               	goto	l7
   738  0092                     l9:	
   739                           ;Oscilador.c: 19:         case 2:
   740                           
   741                           
   742                           ;Oscilador.c: 20:             OSCCONbits.IRCF2 = 0;
   743  0092  1683               	bsf	3,5	;RP0=1, select bank1
   744  0093  1303               	bcf	3,6	;RP1=0, select bank1
   745  0094  130F               	bcf	15,6	;volatile
   746                           
   747                           ;Oscilador.c: 21:             OSCCONbits.IRCF1 = 1;
   748  0095  168F               	bsf	15,5	;volatile
   749                           
   750                           ;Oscilador.c: 22:             OSCCONbits.IRCF0 = 0;
   751  0096  120F               	bcf	15,4	;volatile
   752                           
   753                           ;Oscilador.c: 23:             break;
   754  0097  28DE               	goto	l7
   755  0098                     l10:	
   756                           ;Oscilador.c: 24:         case 3:
   757                           
   758                           
   759                           ;Oscilador.c: 25:             OSCCONbits.IRCF2 = 0;
   760  0098  1683               	bsf	3,5	;RP0=1, select bank1
   761  0099  1303               	bcf	3,6	;RP1=0, select bank1
   762  009A  130F               	bcf	15,6	;volatile
   763                           
   764                           ;Oscilador.c: 26:             OSCCONbits.IRCF1 = 1;
   765  009B  168F               	bsf	15,5	;volatile
   766                           
   767                           ;Oscilador.c: 27:             OSCCONbits.IRCF0 = 1;
   768  009C  160F               	bsf	15,4	;volatile
   769                           
   770                           ;Oscilador.c: 28:             break;
   771  009D  28DE               	goto	l7
   772  009E                     l11:	
   773                           ;Oscilador.c: 29:         case 4:
   774                           
   775                           
   776                           ;Oscilador.c: 30:             OSCCONbits.IRCF2 = 1;
   777  009E  1683               	bsf	3,5	;RP0=1, select bank1
   778  009F  1303               	bcf	3,6	;RP1=0, select bank1
   779  00A0  170F               	bsf	15,6	;volatile
   780                           
   781                           ;Oscilador.c: 31:             OSCCONbits.IRCF1 = 0;
   782  00A1  128F               	bcf	15,5	;volatile
   783                           
   784                           ;Oscilador.c: 32:             OSCCONbits.IRCF0 = 0;
   785  00A2  120F               	bcf	15,4	;volatile
   786                           
   787                           ;Oscilador.c: 33:             break;
   788  00A3  28DE               	goto	l7
   789  00A4                     l12:	
   790                           ;Oscilador.c: 34:         case 5:
   791                           
   792                           
   793                           ;Oscilador.c: 35:             OSCCONbits.IRCF2 = 1;
   794  00A4  1683               	bsf	3,5	;RP0=1, select bank1
   795  00A5  1303               	bcf	3,6	;RP1=0, select bank1
   796  00A6  170F               	bsf	15,6	;volatile
   797                           
   798                           ;Oscilador.c: 36:             OSCCONbits.IRCF1 = 0;
   799  00A7  128F               	bcf	15,5	;volatile
   800                           
   801                           ;Oscilador.c: 37:             OSCCONbits.IRCF0 = 1;
   802  00A8  160F               	bsf	15,4	;volatile
   803                           
   804                           ;Oscilador.c: 38:             break;
   805  00A9  28DE               	goto	l7
   806  00AA                     l13:	
   807                           ;Oscilador.c: 39:         case 6:
   808                           
   809                           
   810                           ;Oscilador.c: 40:             OSCCONbits.IRCF2 = 1;
   811  00AA  1683               	bsf	3,5	;RP0=1, select bank1
   812  00AB  1303               	bcf	3,6	;RP1=0, select bank1
   813  00AC  170F               	bsf	15,6	;volatile
   814                           
   815                           ;Oscilador.c: 41:             OSCCONbits.IRCF1 = 1;
   816  00AD  168F               	bsf	15,5	;volatile
   817                           
   818                           ;Oscilador.c: 42:             OSCCONbits.IRCF0 = 0;
   819  00AE  120F               	bcf	15,4	;volatile
   820                           
   821                           ;Oscilador.c: 43:             break;
   822  00AF  28DE               	goto	l7
   823  00B0                     l14:	
   824                           ;Oscilador.c: 44:         case 7:
   825                           
   826                           
   827                           ;Oscilador.c: 45:             OSCCONbits.IRCF2 = 1;
   828  00B0  1683               	bsf	3,5	;RP0=1, select bank1
   829  00B1  1303               	bcf	3,6	;RP1=0, select bank1
   830  00B2  170F               	bsf	15,6	;volatile
   831                           
   832                           ;Oscilador.c: 46:             OSCCONbits.IRCF1 = 1;
   833  00B3  168F               	bsf	15,5	;volatile
   834                           
   835                           ;Oscilador.c: 47:             OSCCONbits.IRCF0 = 1;
   836  00B4  160F               	bsf	15,4	;volatile
   837                           
   838                           ;Oscilador.c: 48:             break;
   839  00B5  28DE               	goto	l7
   840  00B6                     l15:	
   841                           ;Oscilador.c: 49:         default:
   842                           
   843                           
   844                           ;Oscilador.c: 50:             OSCCONbits.IRCF2 = 1;
   845  00B6  1683               	bsf	3,5	;RP0=1, select bank1
   846  00B7  1303               	bcf	3,6	;RP1=0, select bank1
   847  00B8  170F               	bsf	15,6	;volatile
   848                           
   849                           ;Oscilador.c: 51:             OSCCONbits.IRCF1 = 1;
   850  00B9  168F               	bsf	15,5	;volatile
   851                           
   852                           ;Oscilador.c: 52:             OSCCONbits.IRCF0 = 0;
   853  00BA  120F               	bcf	15,4	;volatile
   854                           
   855                           ;Oscilador.c: 53:             break;
   856  00BB  28DE               	goto	l7
   857  00BC                     l827:
   858  00BC  0874               	movf	initOsc@IRCF,w
   859  00BD  00F2               	movwf	??_initOsc
   860  00BE  01F3               	clrf	??_initOsc+1
   861                           
   862                           ; Switch on 2 bytes has been partitioned into a top level switch of size 1, and 1 sub-sw
      +                          itches
   863                           ; Switch size 1, requested type "simple"
   864                           ; Number of cases is 1, Range of values is 0 to 0
   865                           ; switch strategies available:
   866                           ; Name         Instructions Cycles
   867                           ; simple_byte            4     3 (average)
   868                           ; direct_byte           11     8 (fixed)
   869                           ; jumptable            260     6 (fixed)
   870                           ;	Chosen strategy is simple_byte
   871  00BF  0873               	movf	??_initOsc+1,w
   872  00C0  3A00               	xorlw	0	; case 0
   873  00C1  1903               	skipnz
   874  00C2  28C4               	goto	l1037
   875  00C3  28B6               	goto	l15
   876  00C4                     l1037:
   877                           
   878                           ; Switch size 1, requested type "simple"
   879                           ; Number of cases is 8, Range of values is 0 to 7
   880                           ; switch strategies available:
   881                           ; Name         Instructions Cycles
   882                           ; simple_byte           25    13 (average)
   883                           ; direct_byte           32     8 (fixed)
   884                           ; jumptable            260     6 (fixed)
   885                           ;	Chosen strategy is simple_byte
   886  00C4  0872               	movf	??_initOsc,w
   887  00C5  3A00               	xorlw	0	; case 0
   888  00C6  1903               	skipnz
   889  00C7  2886               	goto	l6
   890  00C8  3A01               	xorlw	1	; case 1
   891  00C9  1903               	skipnz
   892  00CA  288C               	goto	l8
   893  00CB  3A03               	xorlw	3	; case 2
   894  00CC  1903               	skipnz
   895  00CD  2892               	goto	l9
   896  00CE  3A01               	xorlw	1	; case 3
   897  00CF  1903               	skipnz
   898  00D0  2898               	goto	l10
   899  00D1  3A07               	xorlw	7	; case 4
   900  00D2  1903               	skipnz
   901  00D3  289E               	goto	l11
   902  00D4  3A01               	xorlw	1	; case 5
   903  00D5  1903               	skipnz
   904  00D6  28A4               	goto	l12
   905  00D7  3A03               	xorlw	3	; case 6
   906  00D8  1903               	skipnz
   907  00D9  28AA               	goto	l13
   908  00DA  3A01               	xorlw	1	; case 7
   909  00DB  1903               	skipnz
   910  00DC  28B0               	goto	l14
   911  00DD  28B6               	goto	l15
   912  00DE                     l7:
   913                           
   914                           ;Oscilador.c: 55:     OSCCONbits.SCS = 1;
   915  00DE  140F               	bsf	15,0	;volatile
   916  00DF                     l16:
   917  00DF  0008               	return
   918  00E0                     __end_of_initOsc:
   919                           
   920                           	psect	text3
   921  0166                     __ptext3:	
   922 ;; *************** function _semaforo *****************
   923 ;; Defined at:
   924 ;;		line 133 in file "main_temperatura.c"
   925 ;; Parameters:    Size  Location     Type
   926 ;;		None
   927 ;; Auto vars:     Size  Location     Type
   928 ;;		None
   929 ;; Return value:  Size  Location     Type
   930 ;;                  1    wreg      void 
   931 ;; Registers used:
   932 ;;		wreg, btemp+1
   933 ;; Tracked objects:
   934 ;;		On entry : 0/0
   935 ;;		On exit  : 0/0
   936 ;;		Unchanged: 0/0
   937 ;; Data sizes:     COMMON   BANK0   BANK1   BANK3   BANK2
   938 ;;      Params:         0       0       0       0       0
   939 ;;      Locals:         0       0       0       0       0
   940 ;;      Temps:          0       0       0       0       0
   941 ;;      Totals:         0       0       0       0       0
   942 ;;Total ram usage:        0 bytes
   943 ;; Hardware stack levels used:    1
   944 ;; Hardware stack levels required when called:    1
   945 ;; This function calls:
   946 ;;		Nothing
   947 ;; This function is called by:
   948 ;;		_main
   949 ;; This function uses a non-reentrant model
   950 ;;
   951                           
   952                           
   953                           ;psect for function _semaforo
   954  0166                     _semaforo:
   955  0166                     l863:	
   956                           ;incstack = 0
   957                           ; Regs used in _semaforo: [wreg+btemp+1]
   958                           
   959                           
   960                           ;main_temperatura.c: 134:     if (mv_temp_val <= 25){
   961  0166  087A               	movf	_mv_temp_val+1,w
   962  0167  3A80               	xorlw	128
   963  0168  00FF               	movwf	btemp+1
   964  0169  3080               	movlw	128
   965  016A  027F               	subwf	btemp+1,w
   966  016B  1D03               	skipz
   967  016C  296F               	goto	u175
   968  016D  301A               	movlw	26
   969  016E  0279               	subwf	_mv_temp_val,w
   970  016F                     u175:
   971  016F  1803               	skipnc
   972  0170  2972               	goto	u171
   973  0171  2973               	goto	u170
   974  0172                     u171:
   975  0172  2979               	goto	l88
   976  0173                     u170:
   977  0173                     l865:
   978                           
   979                           ;main_temperatura.c: 135:         RE0 = 0;
   980  0173  1283               	bcf	3,5	;RP0=0, select bank0
   981  0174  1303               	bcf	3,6	;RP1=0, select bank0
   982  0175  1009               	bcf	9,0	;volatile
   983                           
   984                           ;main_temperatura.c: 136:         RE1 = 0;
   985  0176  1089               	bcf	9,1	;volatile
   986                           
   987                           ;main_temperatura.c: 137:         RE2 = 1;
   988  0177  1509               	bsf	9,2	;volatile
   989                           
   990                           ;main_temperatura.c: 138:     }
   991  0178  297E               	goto	l93
   992  0179                     l88:	
   993                           ;main_temperatura.c: 139:     else if (25 < mv_temp_val <= 36){
   994                           
   995                           
   996                           ;main_temperatura.c: 140:         RE0 = 0;
   997  0179  1283               	bcf	3,5	;RP0=0, select bank0
   998  017A  1303               	bcf	3,6	;RP1=0, select bank0
   999  017B  1009               	bcf	9,0	;volatile
  1000                           
  1001                           ;main_temperatura.c: 141:         RE1 = 1;
  1002  017C  1489               	bsf	9,1	;volatile
  1003                           
  1004                           ;main_temperatura.c: 142:         RE2 = 0;
  1005  017D  1109               	bcf	9,2	;volatile
  1006  017E                     l93:	
  1007                           ;main_temperatura.c: 143:     }
  1008                           
  1009  017E  0008               	return
  1010  017F                     __end_of_semaforo:
  1011                           
  1012                           	psect	text4
  1013  011F                     __ptext4:	
  1014 ;; *************** function ___wmul *****************
  1015 ;; Defined at:
  1016 ;;		line 15 in file "C:\Program Files\Microchip\xc8\v2.31\pic\sources\c90\common\Umul16.c"
  1017 ;; Parameters:    Size  Location     Type
  1018 ;;  multiplier      2    2[COMMON] unsigned int 
  1019 ;;  multiplicand    2    4[COMMON] unsigned int 
  1020 ;; Auto vars:     Size  Location     Type
  1021 ;;  product         2    6[COMMON] unsigned int 
  1022 ;; Return value:  Size  Location     Type
  1023 ;;                  2    2[COMMON] unsigned int 
  1024 ;; Registers used:
  1025 ;;		wreg, status,2, status,0
  1026 ;; Tracked objects:
  1027 ;;		On entry : 0/0
  1028 ;;		On exit  : 0/0
  1029 ;;		Unchanged: 0/0
  1030 ;; Data sizes:     COMMON   BANK0   BANK1   BANK3   BANK2
  1031 ;;      Params:         4       0       0       0       0
  1032 ;;      Locals:         2       0       0       0       0
  1033 ;;      Temps:          0       0       0       0       0
  1034 ;;      Totals:         6       0       0       0       0
  1035 ;;Total ram usage:        6 bytes
  1036 ;; Hardware stack levels used:    1
  1037 ;; Hardware stack levels required when called:    1
  1038 ;; This function calls:
  1039 ;;		Nothing
  1040 ;; This function is called by:
  1041 ;;		_main
  1042 ;; This function uses a non-reentrant model
  1043 ;;
  1044                           
  1045                           
  1046                           ;psect for function ___wmul
  1047  011F                     ___wmul:
  1048  011F                     l871:	
  1049                           ;incstack = 0
  1050                           ; Regs used in ___wmul: [wreg+status,2+status,0]
  1051                           
  1052  011F  01F6               	clrf	___wmul@product
  1053  0120  01F7               	clrf	___wmul@product+1
  1054  0121                     l873:
  1055  0121  1C72               	btfss	___wmul@multiplier,0
  1056  0122  2924               	goto	u181
  1057  0123  2925               	goto	u180
  1058  0124                     u181:
  1059  0124  292B               	goto	l179
  1060  0125                     u180:
  1061  0125                     l875:
  1062  0125  0874               	movf	___wmul@multiplicand,w
  1063  0126  07F6               	addwf	___wmul@product,f
  1064  0127  1803               	skipnc
  1065  0128  0AF7               	incf	___wmul@product+1,f
  1066  0129  0875               	movf	___wmul@multiplicand+1,w
  1067  012A  07F7               	addwf	___wmul@product+1,f
  1068  012B                     l179:
  1069  012B  3001               	movlw	1
  1070  012C                     u195:
  1071  012C  1003               	clrc
  1072  012D  0DF4               	rlf	___wmul@multiplicand,f
  1073  012E  0DF5               	rlf	___wmul@multiplicand+1,f
  1074  012F  3EFF               	addlw	-1
  1075  0130  1D03               	skipz
  1076  0131  292C               	goto	u195
  1077  0132                     l877:
  1078  0132  3001               	movlw	1
  1079  0133                     u205:
  1080  0133  1003               	clrc
  1081  0134  0CF3               	rrf	___wmul@multiplier+1,f
  1082  0135  0CF2               	rrf	___wmul@multiplier,f
  1083  0136  3EFF               	addlw	-1
  1084  0137  1D03               	skipz
  1085  0138  2933               	goto	u205
  1086  0139                     l879:
  1087  0139  0872               	movf	___wmul@multiplier,w
  1088  013A  0473               	iorwf	___wmul@multiplier+1,w
  1089  013B  1D03               	btfss	3,2
  1090  013C  293E               	goto	u211
  1091  013D  293F               	goto	u210
  1092  013E                     u211:
  1093  013E  2921               	goto	l873
  1094  013F                     u210:
  1095  013F                     l881:
  1096  013F  0877               	movf	___wmul@product+1,w
  1097  0140  00F3               	movwf	?___wmul+1
  1098  0141  0876               	movf	___wmul@product,w
  1099  0142  00F2               	movwf	?___wmul
  1100  0143                     l181:
  1101  0143  0008               	return
  1102  0144                     __end_of___wmul:
  1103                           
  1104                           	psect	text5
  1105  001B                     __ptext5:	
  1106 ;; *************** function ___awdiv *****************
  1107 ;; Defined at:
  1108 ;;		line 5 in file "C:\Program Files\Microchip\xc8\v2.31\pic\sources\c90\common\awdiv.c"
  1109 ;; Parameters:    Size  Location     Type
  1110 ;;  divisor         2    0[BANK0 ] int 
  1111 ;;  dividend        2    2[BANK0 ] int 
  1112 ;; Auto vars:     Size  Location     Type
  1113 ;;  quotient        2    6[BANK0 ] int 
  1114 ;;  sign            1    5[BANK0 ] unsigned char 
  1115 ;;  counter         1    4[BANK0 ] unsigned char 
  1116 ;; Return value:  Size  Location     Type
  1117 ;;                  2    0[BANK0 ] int 
  1118 ;; Registers used:
  1119 ;;		wreg, status,2, status,0
  1120 ;; Tracked objects:
  1121 ;;		On entry : 0/0
  1122 ;;		On exit  : 0/0
  1123 ;;		Unchanged: 0/0
  1124 ;; Data sizes:     COMMON   BANK0   BANK1   BANK3   BANK2
  1125 ;;      Params:         0       4       0       0       0
  1126 ;;      Locals:         0       4       0       0       0
  1127 ;;      Temps:          1       0       0       0       0
  1128 ;;      Totals:         1       8       0       0       0
  1129 ;;Total ram usage:        9 bytes
  1130 ;; Hardware stack levels used:    1
  1131 ;; Hardware stack levels required when called:    1
  1132 ;; This function calls:
  1133 ;;		Nothing
  1134 ;; This function is called by:
  1135 ;;		_main
  1136 ;; This function uses a non-reentrant model
  1137 ;;
  1138                           
  1139                           
  1140                           ;psect for function ___awdiv
  1141  001B                     ___awdiv:
  1142  001B                     l961:	
  1143                           ;incstack = 0
  1144                           ; Regs used in ___awdiv: [wreg+status,2+status,0]
  1145                           
  1146  001B  1283               	bcf	3,5	;RP0=0, select bank0
  1147  001C  1303               	bcf	3,6	;RP1=0, select bank0
  1148  001D  01A5               	clrf	___awdiv@sign
  1149  001E                     l963:
  1150  001E  1FA1               	btfss	___awdiv@divisor+1,7
  1151  001F  2821               	goto	u331
  1152  0020  2822               	goto	u330
  1153  0021                     u331:
  1154  0021  2829               	goto	l969
  1155  0022                     u330:
  1156  0022                     l965:
  1157  0022  09A0               	comf	___awdiv@divisor,f
  1158  0023  09A1               	comf	___awdiv@divisor+1,f
  1159  0024  0AA0               	incf	___awdiv@divisor,f
  1160  0025  1903               	skipnz
  1161  0026  0AA1               	incf	___awdiv@divisor+1,f
  1162  0027                     l967:
  1163  0027  01A5               	clrf	___awdiv@sign
  1164  0028  0AA5               	incf	___awdiv@sign,f
  1165  0029                     l969:
  1166  0029  1FA3               	btfss	___awdiv@dividend+1,7
  1167  002A  282C               	goto	u341
  1168  002B  282D               	goto	u340
  1169  002C                     u341:
  1170  002C  2836               	goto	l975
  1171  002D                     u340:
  1172  002D                     l971:
  1173  002D  09A2               	comf	___awdiv@dividend,f
  1174  002E  09A3               	comf	___awdiv@dividend+1,f
  1175  002F  0AA2               	incf	___awdiv@dividend,f
  1176  0030  1903               	skipnz
  1177  0031  0AA3               	incf	___awdiv@dividend+1,f
  1178  0032                     l973:
  1179  0032  3001               	movlw	1
  1180  0033  00F8               	movwf	??___awdiv
  1181  0034  0878               	movf	??___awdiv,w
  1182  0035  06A5               	xorwf	___awdiv@sign,f
  1183  0036                     l975:
  1184  0036  01A6               	clrf	___awdiv@quotient
  1185  0037  01A7               	clrf	___awdiv@quotient+1
  1186  0038                     l977:
  1187  0038  0820               	movf	___awdiv@divisor,w
  1188  0039  0421               	iorwf	___awdiv@divisor+1,w
  1189  003A  1903               	btfsc	3,2
  1190  003B  283D               	goto	u351
  1191  003C  283E               	goto	u350
  1192  003D                     u351:
  1193  003D  2875               	goto	l997
  1194  003E                     u350:
  1195  003E                     l979:
  1196  003E  01A4               	clrf	___awdiv@counter
  1197  003F  0AA4               	incf	___awdiv@counter,f
  1198  0040  284C               	goto	l985
  1199  0041                     l981:
  1200  0041  3001               	movlw	1
  1201  0042                     u365:
  1202  0042  1003               	clrc
  1203  0043  0DA0               	rlf	___awdiv@divisor,f
  1204  0044  0DA1               	rlf	___awdiv@divisor+1,f
  1205  0045  3EFF               	addlw	-1
  1206  0046  1D03               	skipz
  1207  0047  2842               	goto	u365
  1208  0048                     l983:
  1209  0048  3001               	movlw	1
  1210  0049  00F8               	movwf	??___awdiv
  1211  004A  0878               	movf	??___awdiv,w
  1212  004B  07A4               	addwf	___awdiv@counter,f
  1213  004C                     l985:
  1214  004C  1FA1               	btfss	___awdiv@divisor+1,7
  1215  004D  284F               	goto	u371
  1216  004E  2850               	goto	u370
  1217  004F                     u371:
  1218  004F  2841               	goto	l981
  1219  0050                     u370:
  1220  0050                     l987:
  1221  0050  3001               	movlw	1
  1222  0051                     u385:
  1223  0051  1003               	clrc
  1224  0052  0DA6               	rlf	___awdiv@quotient,f
  1225  0053  0DA7               	rlf	___awdiv@quotient+1,f
  1226  0054  3EFF               	addlw	-1
  1227  0055  1D03               	skipz
  1228  0056  2851               	goto	u385
  1229  0057  0821               	movf	___awdiv@divisor+1,w
  1230  0058  0223               	subwf	___awdiv@dividend+1,w
  1231  0059  1D03               	skipz
  1232  005A  285D               	goto	u395
  1233  005B  0820               	movf	___awdiv@divisor,w
  1234  005C  0222               	subwf	___awdiv@dividend,w
  1235  005D                     u395:
  1236  005D  1C03               	skipc
  1237  005E  2860               	goto	u391
  1238  005F  2861               	goto	u390
  1239  0060                     u391:
  1240  0060  2868               	goto	l993
  1241  0061                     u390:
  1242  0061                     l989:
  1243  0061  0820               	movf	___awdiv@divisor,w
  1244  0062  02A2               	subwf	___awdiv@dividend,f
  1245  0063  0821               	movf	___awdiv@divisor+1,w
  1246  0064  1C03               	skipc
  1247  0065  03A3               	decf	___awdiv@dividend+1,f
  1248  0066  02A3               	subwf	___awdiv@dividend+1,f
  1249  0067                     l991:
  1250  0067  1426               	bsf	___awdiv@quotient,0
  1251  0068                     l993:
  1252  0068  3001               	movlw	1
  1253  0069                     u405:
  1254  0069  1003               	clrc
  1255  006A  0CA1               	rrf	___awdiv@divisor+1,f
  1256  006B  0CA0               	rrf	___awdiv@divisor,f
  1257  006C  3EFF               	addlw	-1
  1258  006D  1D03               	skipz
  1259  006E  2869               	goto	u405
  1260  006F                     l995:
  1261  006F  3001               	movlw	1
  1262  0070  02A4               	subwf	___awdiv@counter,f
  1263  0071  1D03               	btfss	3,2
  1264  0072  2874               	goto	u411
  1265  0073  2875               	goto	u410
  1266  0074                     u411:
  1267  0074  2850               	goto	l987
  1268  0075                     u410:
  1269  0075                     l997:
  1270  0075  0825               	movf	___awdiv@sign,w
  1271  0076  1903               	btfsc	3,2
  1272  0077  2879               	goto	u421
  1273  0078  287A               	goto	u420
  1274  0079                     u421:
  1275  0079  287F               	goto	l1001
  1276  007A                     u420:
  1277  007A                     l999:
  1278  007A  09A6               	comf	___awdiv@quotient,f
  1279  007B  09A7               	comf	___awdiv@quotient+1,f
  1280  007C  0AA6               	incf	___awdiv@quotient,f
  1281  007D  1903               	skipnz
  1282  007E  0AA7               	incf	___awdiv@quotient+1,f
  1283  007F                     l1001:
  1284  007F  0827               	movf	___awdiv@quotient+1,w
  1285  0080  00A1               	movwf	?___awdiv+1
  1286  0081  0826               	movf	___awdiv@quotient,w
  1287  0082  00A0               	movwf	?___awdiv
  1288  0083                     l332:
  1289  0083  0008               	return
  1290  0084                     __end_of___awdiv:
  1291                           
  1292                           	psect	text6
  1293  017F                     __ptext6:	
  1294 ;; *************** function _ISR *****************
  1295 ;; Defined at:
  1296 ;;		line 59 in file "main_temperatura.c"
  1297 ;; Parameters:    Size  Location     Type
  1298 ;;		None
  1299 ;; Auto vars:     Size  Location     Type
  1300 ;;		None
  1301 ;; Return value:  Size  Location     Type
  1302 ;;                  1    wreg      void 
  1303 ;; Registers used:
  1304 ;;		None
  1305 ;; Tracked objects:
  1306 ;;		On entry : 0/0
  1307 ;;		On exit  : 0/0
  1308 ;;		Unchanged: 0/0
  1309 ;; Data sizes:     COMMON   BANK0   BANK1   BANK3   BANK2
  1310 ;;      Params:         0       0       0       0       0
  1311 ;;      Locals:         0       0       0       0       0
  1312 ;;      Temps:          2       0       0       0       0
  1313 ;;      Totals:         2       0       0       0       0
  1314 ;;Total ram usage:        2 bytes
  1315 ;; Hardware stack levels used:    1
  1316 ;; This function calls:
  1317 ;;		Nothing
  1318 ;; This function is called by:
  1319 ;;		Interrupt level 1
  1320 ;; This function uses a non-reentrant model
  1321 ;;
  1322                           
  1323                           
  1324                           ;psect for function _ISR
  1325  017F                     _ISR:
  1326  017F                     i1l71:
  1327  017F  0871               	movf	??_ISR+1,w
  1328  0180  008A               	movwf	10
  1329  0181  0E70               	swapf	??_ISR,w
  1330  0182  0083               	movwf	3
  1331  0183  0EFE               	swapf	btemp,f
  1332  0184  0E7E               	swapf	btemp,w
  1333  0185  0009               	retfie
  1334  0186                     __end_of_ISR:
  1335  007E                     btemp	set	126	;btemp
  1336  007E                     wtemp0	set	126
  1337                           
  1338                           	psect	intentry
  1339  0004                     __pintentry:	
  1340                           ;incstack = 0
  1341                           ; Regs used in _ISR: []
  1342                           
  1343  0004                     interrupt_function:
  1344  007E                     saved_w	set	btemp
  1345  0004  00FE               	movwf	btemp
  1346  0005  0E03               	swapf	3,w
  1347  0006  00F0               	movwf	??_ISR
  1348  0007  080A               	movf	10,w
  1349  0008  00F1               	movwf	??_ISR+1
  1350  0009  120A  118A  297F   	ljmp	_ISR
  1351                           
  1352                           	psect	config
  1353                           
  1354                           ;Config register CONFIG1 @ 0x2007
  1355                           ;	Oscillator Selection bits
  1356                           ;	FOSC = XT, XT oscillator: Crystal/resonator on RA6/OSC2/CLKOUT and RA7/OSC1/CLKIN
  1357                           ;	Watchdog Timer Enable bit
  1358                           ;	WDTE = OFF, WDT disabled and can be enabled by SWDTEN bit of the WDTCON register
  1359                           ;	Power-up Timer Enable bit
  1360                           ;	PWRTE = OFF, PWRT disabled
  1361                           ;	RE3/MCLR pin function select bit
  1362                           ;	MCLRE = OFF, RE3/MCLR pin function is digital input, MCLR internally tied to VDD
  1363                           ;	Code Protection bit
  1364                           ;	CP = OFF, Program memory code protection is disabled
  1365                           ;	Data Code Protection bit
  1366                           ;	CPD = OFF, Data memory code protection is disabled
  1367                           ;	Brown Out Reset Selection bits
  1368                           ;	BOREN = OFF, BOR disabled
  1369                           ;	Internal External Switchover bit
  1370                           ;	IESO = OFF, Internal/External Switchover mode is disabled
  1371                           ;	Fail-Safe Clock Monitor Enabled bit
  1372                           ;	FCMEN = OFF, Fail-Safe Clock Monitor is disabled
  1373                           ;	Low Voltage Programming Enable bit
  1374                           ;	LVP = OFF, RB3 pin has digital I/O, HV on MCLR must be used for programming
  1375                           ;	In-Circuit Debugger Mode bit
  1376                           ;	DEBUG = 0x1, unprogrammed default
  1377  2007                     	org	8199
  1378  2007  20D1               	dw	8401
  1379                           
  1380                           ;Config register CONFIG2 @ 0x2008
  1381                           ;	Brown-out Reset Selection bit
  1382                           ;	BOR4V = BOR40V, Brown-out Reset set to 4.0V
  1383                           ;	Flash Program Memory Self Write Enable bits
  1384                           ;	WRT = OFF, Write protection off
  1385  2008                     	org	8200
  1386  2008  3FFF               	dw	16383

Data Sizes:
    Strings     0
    Constant    0
    Data        0
    BSS         6
    Persistent  0
    Stack       0

Auto Spaces:
    Space          Size  Autos    Used
    COMMON           14      9      11
    BANK0            80     10      14
    BANK1            80      0       0
    BANK3            96      0       0
    BANK2            96      0       0

Pointer List with Targets:

    None.

Critical Paths under _main in COMMON

    _main->___awdiv
    _setup->_initOsc
    ___awdiv->___wmul

Critical Paths under _ISR in COMMON

    None.

Critical Paths under _main in BANK0

    _main->___awdiv

Critical Paths under _ISR in BANK0

    None.

Critical Paths under _main in BANK1

    None.

Critical Paths under _ISR in BANK1

    None.

Critical Paths under _main in BANK3

    None.

Critical Paths under _ISR in BANK3

    None.

Critical Paths under _main in BANK2

    None.

Critical Paths under _ISR in BANK2

    None.

Call Graph Tables:

 ---------------------------------------------------------------------------------
 (Depth) Function   	        Calls       Base Space   Used Autos Params    Refs
 ---------------------------------------------------------------------------------
 (0) _main                                                 2     2      0     891
                                              8 BANK0      2     2      0
                            ___awdiv
                             ___wmul
                           _semaforo
                              _setup
 ---------------------------------------------------------------------------------
 (1) _setup                                                0     0      0      22
                            _initOsc
 ---------------------------------------------------------------------------------
 (2) _initOsc                                              3     3      0      22
                                              2 COMMON     3     3      0
 ---------------------------------------------------------------------------------
 (1) _semaforo                                             0     0      0       0
 ---------------------------------------------------------------------------------
 (1) ___wmul                                               6     2      4     244
                                              2 COMMON     6     2      4
 ---------------------------------------------------------------------------------
 (1) ___awdiv                                              9     5      4     625
                                              8 COMMON     1     1      0
                                              0 BANK0      8     4      4
                             ___wmul (ARG)
 ---------------------------------------------------------------------------------
 Estimated maximum stack depth 2
 ---------------------------------------------------------------------------------
 (Depth) Function   	        Calls       Base Space   Used Autos Params    Refs
 ---------------------------------------------------------------------------------
 (3) _ISR                                                  2     2      0       0
                                              0 COMMON     2     2      0
 ---------------------------------------------------------------------------------
 Estimated maximum stack depth 3
 ---------------------------------------------------------------------------------

 Call Graph Graphs:

 _main (ROOT)
   ___awdiv
     ___wmul (ARG)
   ___wmul
   _semaforo
   _setup
     _initOsc

 _ISR (ROOT)

 Address spaces:
Name               Size   Autos  Total    Cost      Usage
BITCOMMON            E      0       0       0        0.0%
EEDATA             100      0       0       0        0.0%
NULL                 0      0       0       0        0.0%
CODE                 0      0       0       0        0.0%
COMMON               E      9       B       1       78.6%
BITSFR0              0      0       0       1        0.0%
SFR0                 0      0       0       1        0.0%
BITSFR1              0      0       0       2        0.0%
SFR1                 0      0       0       2        0.0%
STACK                0      0       0       2        0.0%
ABS                  0      0      19       3        0.0%
BITBANK0            50      0       0       4        0.0%
BITSFR3              0      0       0       4        0.0%
SFR3                 0      0       0       4        0.0%
BANK0               50      A       E       5       17.5%
BITSFR2              0      0       0       5        0.0%
SFR2                 0      0       0       5        0.0%
BITBANK1            50      0       0       6        0.0%
BANK1               50      0       0       7        0.0%
BITBANK3            60      0       0       8        0.0%
BANK3               60      0       0       9        0.0%
BITBANK2            60      0       0      10        0.0%
BANK2               60      0       0      11        0.0%
DATA                 0      0      19      12        0.0%


Microchip Technology PIC Macro Assembler V2.31 build 20201012212115 
Symbol Table                                                                                   Mon Feb 15 23:34:20 2021

                      l6 0086                        l7 00DE                        l8 008C  
                      l9 0092                       l10 0098                       l11 009E  
                     l12 00A4                       l13 00AA                       l14 00B0  
                     l15 00B6                       l16 00DF                       l93 017E  
                     l85 0165                       l88 0179             ___awdiv@sign 0025  
    ___wmul@multiplicand 0074                      l332 0083                      l181 0143  
                    l179 012B                      l823 0085                      l841 0153  
                    l833 0144                      l827 00BC                      l851 015A  
                    l843 0154                      l835 014A                      l861 0161  
                    l853 015B                      l845 0155                      l837 014E  
                    l871 011F                      l863 0166                      l855 015C  
                    l847 0156                      l839 014F                      l961 001B  
                    l881 013F                      l873 0121                      l865 0173  
                    l857 015D                      l849 0157                      l971 002D  
                    l963 001E                      l875 0125                      l859 015E  
                    l981 0041                      l973 0032                      l965 0022  
                    l877 0132                      l991 0067                      l983 0048  
                    l975 0036                      l967 0027                      l879 0139  
                    l993 0068                      l985 004C                      l977 0038  
                    l969 0029                      l995 006F                      l987 0050  
                    l979 003E                      l989 0061                      l997 0075  
                    l999 007A                      _RE0 0048                      _RE1 0049  
                    _RE2 004A                      u210 013F                      u211 013E  
                    u205 0133                      u410 0075                      u330 0022  
                    u170 0173                      u411 0074                      u331 0021  
                    u171 0172                      u420 007A                      u340 002D  
                    u180 0125                      u421 0079                      u405 0069  
                    u341 002C                      u181 0124                      u350 003E  
                    u430 0116                      u351 003D                      u175 016F  
                    u431 0115                      u370 0050                      u371 004F  
                    u195 012C                      _ISR 017F                      u365 0042  
                    u390 0061                      u391 0060                      u385 0051  
                    u395 005D                     ?_ISR 0070                     l1001 007F  
                   l1011 00F0                     l1013 0112                     l1005 00E0  
                   l1015 0116                     l1007 00E5                     l1009 00E9  
                   l1037 00C4                     i1l71 017F                     _main 00E0  
                   _temp 002C                     btemp 007E                     start 000C  
                  ??_ISR 0070                    ?_main 0070          __end_of___awdiv 0084  
                  _ANSEL 0188          ___awdiv@divisor 0020          ___awdiv@counter 0024  
                  _PORTA 0005                    _PORTB 0006                    _PORTC 0007  
                  _PORTD 0008                    _PORTE 0009                    _TRISA 0085  
                  _TRISB 0086                    _TRISC 0087                    _TRISD 0088  
                  _TRISE 0089          __end_of_initOsc 00E0                    _setup 0144  
                  pclath 000A                    status 0003                    wtemp0 007E  
        __initialization 000F             __end_of_main 011F                   ??_main 0028  
                 _ADCON0 001F                   _ADCON1 009F                   _ADRESH 001E  
            initOsc@IRCF 0074         ___awdiv@dividend 0022                   ?_setup 0070  
                 _ANSELH 0189                   ___wmul 011F                ??___awdiv 0078  
       ___awdiv@quotient 0026         __end_of_semaforo 017F                ??_initOsc 0072  
                 saved_w 007E  __end_of__initialization 0017           __pcstackCOMMON 0070  
          __end_of_setup 0166                  ??_setup 0075               __pbssBANK0 002A  
             __pmaintext 00E0                  ?___wmul 0072               __pintentry 0004  
              ?_semaforo 0070                  ___awdiv 001B          __size_of___wmul 0025  
                __ptext1 0144                  __ptext2 0084                  __ptext3 0166  
                __ptext4 011F                  __ptext5 001B                  __ptext6 017F  
           __size_of_ISR 0007                  _initOsc 0084     end_of_initialization 0017  
             ??_semaforo 0072           __end_of___wmul 0144      start_initialization 000F  
            __end_of_ISR 0186                 ??___wmul 0076              __pbssCOMMON 0079  
              ___latbits 0002            __pcstackBANK0 0020        __size_of_semaforo 0019  
               ?___awdiv 0020                 ?_initOsc 0070           __size_of_setup 0022  
      interrupt_function 0004           ___wmul@product 0076               _ADCON0bits 001F  
      ___wmul@multiplier 0072         __size_of___awdiv 0069         __size_of_initOsc 005C  
          __size_of_main 003F                 _semaforo 0166                 _temp_val 002A  
               intlevel1 0000              _mv_temp_val 0079               _OSCCONbits 008F  
