

Microchip MPLAB XC8 Assembler V2.31 build 20201012212115 
                                                                                               Mon Jan 25 23:00:50 2021

Microchip MPLAB XC8 C Compiler v2.31 (Free license) build 20201012212115 Og1 
     1                           	processor	16F887
     2                           	pagewidth 120
     3                           	opt	flic
     4                           	psect	cinit,global,class=CODE,merge=1,delta=2
     5                           	psect	bssCOMMON,global,class=COMMON,space=1,delta=1,noexec
     6                           	psect	cstackCOMMON,global,class=COMMON,space=1,delta=1,noexec
     7                           	psect	maintext,global,class=CODE,split=1,delta=2
     8                           	psect	text1,local,class=CODE,merge=1,delta=2
     9                           	psect	text2,local,class=CODE,merge=1,delta=2
    10                           	psect	text3,local,class=CODE,merge=1,delta=2
    11                           	psect	text4,local,class=CODE,merge=1,delta=2
    12                           	psect	config,global,abs,ovrld,class=CONFIG,space=4,delta=2,noexec
    13                           	dabs	1,0x7E,2
    14  0000                     
    15                           ; Version 2.20
    16                           ; Generated 12/02/2020 GMT
    17                           ; 
    18                           ; Copyright © 2020, Microchip Technology Inc. and its subsidiaries ("Microchip")
    19                           ; All rights reserved.
    20                           ; 
    21                           ; This software is developed by Microchip Technology Inc. and its subsidiaries ("Microch
      +                          ip").
    22                           ; 
    23                           ; Redistribution and use in source and binary forms, with or without modification, are
    24                           ; permitted provided that the following conditions are met:
    25                           ; 
    26                           ;     1. Redistributions of source code must retain the above copyright notice, this lis
      +                          t of
    27                           ;        conditions and the following disclaimer.
    28                           ; 
    29                           ;     2. Redistributions in binary form must reproduce the above copyright notice, this 
      +                          list
    30                           ;        of conditions and the following disclaimer in the documentation and/or other
    31                           ;        materials provided with the distribution.
    32                           ; 
    33                           ;     3. Microchip's name may not be used to endorse or promote products derived from th
      +                          is
    34                           ;        software without specific prior written permission.
    35                           ; 
    36                           ; THIS SOFTWARE IS PROVIDED BY MICROCHIP "AS IS" AND ANY EXPRESS OR IMPLIED WARRANTIES,
    37                           ; INCLUDING, BUT NOT LIMITED TO, THE IMPLIED WARRANTIES OF MERCHANTABILITY AND FITNESS F
      +                          OR
    38                           ; PURPOSE ARE DISCLAIMED.  IN NO EVENT SHALL MICROCHIP BE LIABLE FOR ANY DIRECT, INDIREC
      +                          T,
    39                           ; INCIDENTAL, SPECIAL, EXEMPLARY, OR CONSEQUENTIAL DAMAGES (INCLUDING BUT NOT LIMITED TO
    40                           ; PROCUREMENT OF SUBSTITUTE GOODS OR SERVICES; LOSS OF USE, DATA OR PROFITS; OR BUSINESS
    41                           ; INTERRUPTION) HOWSOEVER CAUSED AND ON ANY THEORY OF LIABILITY, WHETHER IN CONTRACT, ST
      +                          RICT
    42                           ; LIABILITY, OR TORT (INCLUDING NEGLIGENCE OR OTHERWISE) ARISING IN ANY WAY OUT OF THE U
      +                          SE OF
    43                           ; THIS SOFTWARE, EVEN IF ADVISED OF THE POSSIBILITY OF SUCH DAMAGE.
    44                           ; 
    45                           ; 
    46                           ; Code-generator required, PIC16F887 Definitions
    47                           ; 
    48                           ; SFR Addresses
    49  0000                     	;# 
    50  0001                     	;# 
    51  0002                     	;# 
    52  0003                     	;# 
    53  0004                     	;# 
    54  0005                     	;# 
    55  0006                     	;# 
    56  0007                     	;# 
    57  0008                     	;# 
    58  0009                     	;# 
    59  000A                     	;# 
    60  000B                     	;# 
    61  000C                     	;# 
    62  000D                     	;# 
    63  000E                     	;# 
    64  000E                     	;# 
    65  000F                     	;# 
    66  0010                     	;# 
    67  0011                     	;# 
    68  0012                     	;# 
    69  0013                     	;# 
    70  0014                     	;# 
    71  0015                     	;# 
    72  0015                     	;# 
    73  0016                     	;# 
    74  0017                     	;# 
    75  0018                     	;# 
    76  0019                     	;# 
    77  001A                     	;# 
    78  001B                     	;# 
    79  001B                     	;# 
    80  001C                     	;# 
    81  001D                     	;# 
    82  001E                     	;# 
    83  001F                     	;# 
    84  0081                     	;# 
    85  0085                     	;# 
    86  0086                     	;# 
    87  0087                     	;# 
    88  0088                     	;# 
    89  0089                     	;# 
    90  008C                     	;# 
    91  008D                     	;# 
    92  008E                     	;# 
    93  008F                     	;# 
    94  0090                     	;# 
    95  0091                     	;# 
    96  0092                     	;# 
    97  0093                     	;# 
    98  0093                     	;# 
    99  0093                     	;# 
   100  0094                     	;# 
   101  0095                     	;# 
   102  0096                     	;# 
   103  0097                     	;# 
   104  0098                     	;# 
   105  0099                     	;# 
   106  009A                     	;# 
   107  009B                     	;# 
   108  009C                     	;# 
   109  009D                     	;# 
   110  009E                     	;# 
   111  009F                     	;# 
   112  0105                     	;# 
   113  0107                     	;# 
   114  0108                     	;# 
   115  0109                     	;# 
   116  010C                     	;# 
   117  010C                     	;# 
   118  010D                     	;# 
   119  010E                     	;# 
   120  010F                     	;# 
   121  0185                     	;# 
   122  0187                     	;# 
   123  0188                     	;# 
   124  0189                     	;# 
   125  018C                     	;# 
   126  018D                     	;# 
   127  0000                     	;# 
   128  0001                     	;# 
   129  0002                     	;# 
   130  0003                     	;# 
   131  0004                     	;# 
   132  0005                     	;# 
   133  0006                     	;# 
   134  0007                     	;# 
   135  0008                     	;# 
   136  0009                     	;# 
   137  000A                     	;# 
   138  000B                     	;# 
   139  000C                     	;# 
   140  000D                     	;# 
   141  000E                     	;# 
   142  000E                     	;# 
   143  000F                     	;# 
   144  0010                     	;# 
   145  0011                     	;# 
   146  0012                     	;# 
   147  0013                     	;# 
   148  0014                     	;# 
   149  0015                     	;# 
   150  0015                     	;# 
   151  0016                     	;# 
   152  0017                     	;# 
   153  0018                     	;# 
   154  0019                     	;# 
   155  001A                     	;# 
   156  001B                     	;# 
   157  001B                     	;# 
   158  001C                     	;# 
   159  001D                     	;# 
   160  001E                     	;# 
   161  001F                     	;# 
   162  0081                     	;# 
   163  0085                     	;# 
   164  0086                     	;# 
   165  0087                     	;# 
   166  0088                     	;# 
   167  0089                     	;# 
   168  008C                     	;# 
   169  008D                     	;# 
   170  008E                     	;# 
   171  008F                     	;# 
   172  0090                     	;# 
   173  0091                     	;# 
   174  0092                     	;# 
   175  0093                     	;# 
   176  0093                     	;# 
   177  0093                     	;# 
   178  0094                     	;# 
   179  0095                     	;# 
   180  0096                     	;# 
   181  0097                     	;# 
   182  0098                     	;# 
   183  0099                     	;# 
   184  009A                     	;# 
   185  009B                     	;# 
   186  009C                     	;# 
   187  009D                     	;# 
   188  009E                     	;# 
   189  009F                     	;# 
   190  0105                     	;# 
   191  0107                     	;# 
   192  0108                     	;# 
   193  0109                     	;# 
   194  010C                     	;# 
   195  010C                     	;# 
   196  010D                     	;# 
   197  010E                     	;# 
   198  010F                     	;# 
   199  0185                     	;# 
   200  0187                     	;# 
   201  0188                     	;# 
   202  0189                     	;# 
   203  018C                     	;# 
   204  018D                     	;# 
   205  0005                     _PORTAbits	set	5
   206  0009                     _PORTE	set	9
   207  0008                     _PORTD	set	8
   208  0007                     _PORTC	set	7
   209  0006                     _PORTB	set	6
   210  0005                     _PORTA	set	5
   211  0006                     _PORTBbits	set	6
   212  0089                     _TRISE	set	137
   213  0088                     _TRISD	set	136
   214  0087                     _TRISC	set	135
   215  0086                     _TRISB	set	134
   216  0085                     _TRISA	set	133
   217  0189                     _ANSELH	set	393
   218  0188                     _ANSEL	set	392
   219                           
   220                           	psect	cinit
   221  07F6                     start_initialization:	
   222                           ; #config settings
   223                           
   224  07F6                     __initialization:
   225                           
   226                           ; Clear objects allocated to COMMON
   227  07F6  01F0               	clrf	__pbssCOMMON& (0+127)
   228  07F7  01F1               	clrf	(__pbssCOMMON+1)& (0+127)
   229  07F8  01F2               	clrf	(__pbssCOMMON+2)& (0+127)
   230  07F9  01F3               	clrf	(__pbssCOMMON+3)& (0+127)
   231  07FA  01F4               	clrf	(__pbssCOMMON+4)& (0+127)
   232  07FB  01F5               	clrf	(__pbssCOMMON+5)& (0+127)
   233  07FC                     end_of_initialization:	
   234                           ;End of C runtime variable initialization code
   235                           
   236  07FC                     __end_of__initialization:
   237  07FC  0183               	clrf	3
   238  07FD  120A  118A  2ED2   	ljmp	_main	;jump to C main() function
   239                           
   240                           	psect	bssCOMMON
   241  0070                     __pbssCOMMON:
   242  0070                     _seguro_semaforo:
   243  0070                     	ds	2
   244  0072                     _contador2:
   245  0072                     	ds	2
   246  0074                     _contador1:
   247  0074                     	ds	2
   248                           
   249                           	psect	cstackCOMMON
   250  0076                     __pcstackCOMMON:
   251  0076                     ?_setup:
   252  0076                     ??_setup:	
   253                           ; 1 bytes @ 0x0
   254                           
   255  0076                     ?_semaforo:	
   256                           ; 1 bytes @ 0x0
   257                           
   258  0076                     ??_semaforo:	
   259                           ; 1 bytes @ 0x0
   260                           
   261  0076                     ?_conteoJ1:	
   262                           ; 1 bytes @ 0x0
   263                           
   264  0076                     ??_conteoJ1:	
   265                           ; 1 bytes @ 0x0
   266                           
   267  0076                     ?_conteoJ2:	
   268                           ; 1 bytes @ 0x0
   269                           
   270  0076                     ??_conteoJ2:	
   271                           ; 1 bytes @ 0x0
   272                           
   273  0076                     ?_main:	
   274                           ; 1 bytes @ 0x0
   275                           
   276                           
   277                           ; 1 bytes @ 0x0
   278  0076                     	ds	3
   279  0079                     ??_main:
   280                           
   281                           	psect	maintext
   282  06D2                     __pmaintext:	
   283                           ; 1 bytes @ 0x3
   284 ;;
   285 ;;Main: autosize = 0, tempsize = 0, incstack = 0, save=0
   286 ;;
   287 ;; *************** function _main *****************
   288 ;; Defined at:
   289 ;;		line 65 in file "Main_lab1.c"
   290 ;; Parameters:    Size  Location     Type
   291 ;;		None
   292 ;; Auto vars:     Size  Location     Type
   293 ;;		None
   294 ;; Return value:  Size  Location     Type
   295 ;;                  1    wreg      void 
   296 ;; Registers used:
   297 ;;		wreg, status,2, status,0, btemp+1, pclath, cstack
   298 ;; Tracked objects:
   299 ;;		On entry : B00/0
   300 ;;		On exit  : 0/0
   301 ;;		Unchanged: 0/0
   302 ;; Data sizes:     COMMON   BANK0   BANK1   BANK3   BANK2
   303 ;;      Params:         0       0       0       0       0
   304 ;;      Locals:         0       0       0       0       0
   305 ;;      Temps:          0       0       0       0       0
   306 ;;      Totals:         0       0       0       0       0
   307 ;;Total ram usage:        0 bytes
   308 ;; Hardware stack levels required when called:    1
   309 ;; This function calls:
   310 ;;		_conteoJ1
   311 ;;		_conteoJ2
   312 ;;		_semaforo
   313 ;;		_setup
   314 ;; This function is called by:
   315 ;;		Startup code after reset
   316 ;; This function uses a non-reentrant model
   317 ;;
   318                           
   319                           
   320                           ;psect for function _main
   321  06D2                     _main:
   322  06D2                     l792:	
   323                           ;incstack = 0
   324                           ; Regs used in _main: [wreg+status,2+status,0+btemp+1+pclath+cstack]
   325                           
   326                           
   327                           ;Main_lab1.c: 66:     setup();
   328  06D2  120A  118A  2616  120A  118A  	fcall	_setup
   329  06D7                     l794:
   330                           
   331                           ;Main_lab1.c: 72:         if (PORTBbits.RB0 == 0){
   332  06D7  1283               	bcf	3,5	;RP0=0, select bank0
   333  06D8  1303               	bcf	3,6	;RP1=0, select bank0
   334  06D9  1806               	btfsc	6,0	;volatile
   335  06DA  2EDC               	goto	u151
   336  06DB  2EDD               	goto	u150
   337  06DC                     u151:
   338  06DC  2EE2               	goto	l798
   339  06DD                     u150:
   340  06DD                     l796:
   341                           
   342                           ;Main_lab1.c: 73:             semaforo();
   343  06DD  120A  118A  263B  120A  118A  	fcall	_semaforo
   344  06E2                     l798:
   345                           
   346                           ;Main_lab1.c: 75:         if (seguro_semaforo == 1){
   347  06E2  0370               	decf	_seguro_semaforo,w
   348  06E3  0471               	iorwf	_seguro_semaforo+1,w
   349  06E4  1D03               	btfss	3,2
   350  06E5  2EE7               	goto	u161
   351  06E6  2EE8               	goto	u160
   352  06E7                     u161:
   353  06E7  2ED7               	goto	l794
   354  06E8                     u160:
   355  06E8                     l800:
   356                           
   357                           ;Main_lab1.c: 76:             if (PORTBbits.RB1 == 0){
   358  06E8  1283               	bcf	3,5	;RP0=0, select bank0
   359  06E9  1303               	bcf	3,6	;RP1=0, select bank0
   360  06EA  1886               	btfsc	6,1	;volatile
   361  06EB  2EED               	goto	u171
   362  06EC  2EEE               	goto	u170
   363  06ED                     u171:
   364  06ED  2F0C               	goto	l810
   365  06EE                     u170:
   366  06EE                     l802:
   367                           
   368                           ;Main_lab1.c: 77:                 contador1 = contador1 + 1;
   369  06EE  0874               	movf	_contador1,w
   370  06EF  3E01               	addlw	1
   371  06F0  00F4               	movwf	_contador1
   372  06F1  0875               	movf	_contador1+1,w
   373  06F2  1803               	skipnc
   374  06F3  3E01               	addlw	1
   375  06F4  3E00               	addlw	0
   376  06F5  00F5               	movwf	_contador1+1
   377  06F6                     l804:
   378                           
   379                           ;Main_lab1.c: 78:                 if (contador1 >= 0 && contador1 <= 8){
   380  06F6  1BF5               	btfsc	_contador1+1,7
   381  06F7  2EF9               	goto	u181
   382  06F8  2EFA               	goto	u180
   383  06F9                     u181:
   384  06F9  2F0C               	goto	l810
   385  06FA                     u180:
   386  06FA                     l806:
   387  06FA  0875               	movf	_contador1+1,w
   388  06FB  3A80               	xorlw	128
   389  06FC  00FF               	movwf	btemp+1
   390  06FD  3080               	movlw	128
   391  06FE  027F               	subwf	btemp+1,w
   392  06FF  1D03               	skipz
   393  0700  2F03               	goto	u195
   394  0701  3009               	movlw	9
   395  0702  0274               	subwf	_contador1,w
   396  0703                     u195:
   397  0703  1803               	skipnc
   398  0704  2F06               	goto	u191
   399  0705  2F07               	goto	u190
   400  0706                     u191:
   401  0706  2F0C               	goto	l810
   402  0707                     u190:
   403  0707                     l808:
   404                           
   405                           ;Main_lab1.c: 79:                     conteoJ1();
   406  0707  120A  118A  267A  120A  118A  	fcall	_conteoJ1
   407  070C                     l810:
   408                           
   409                           ;Main_lab1.c: 82:             if (PORTBbits.RB2 == 1){
   410  070C  1283               	bcf	3,5	;RP0=0, select bank0
   411  070D  1303               	bcf	3,6	;RP1=0, select bank0
   412  070E  1D06               	btfss	6,2	;volatile
   413  070F  2F11               	goto	u201
   414  0710  2F12               	goto	u200
   415  0711                     u201:
   416  0711  2ED7               	goto	l794
   417  0712                     u200:
   418  0712                     l812:
   419                           
   420                           ;Main_lab1.c: 83:                 contador2 = contador2 + 1;
   421  0712  0872               	movf	_contador2,w
   422  0713  3E01               	addlw	1
   423  0714  00F2               	movwf	_contador2
   424  0715  0873               	movf	_contador2+1,w
   425  0716  1803               	skipnc
   426  0717  3E01               	addlw	1
   427  0718  3E00               	addlw	0
   428  0719  00F3               	movwf	_contador2+1
   429  071A                     l814:
   430                           
   431                           ;Main_lab1.c: 84:                 if (0 >= contador2 && contador2 <= 8){
   432  071A  0873               	movf	_contador2+1,w
   433  071B  3A80               	xorlw	128
   434  071C  00FF               	movwf	btemp+1
   435  071D  3080               	movlw	128
   436  071E  027F               	subwf	btemp+1,w
   437  071F  1D03               	skipz
   438  0720  2F23               	goto	u215
   439  0721  3001               	movlw	1
   440  0722  0272               	subwf	_contador2,w
   441  0723                     u215:
   442  0723  1803               	skipnc
   443  0724  2F26               	goto	u211
   444  0725  2F27               	goto	u210
   445  0726                     u211:
   446  0726  2F3A               	goto	l51
   447  0727                     u210:
   448  0727                     l816:
   449  0727  0873               	movf	_contador2+1,w
   450  0728  3A80               	xorlw	128
   451  0729  00FF               	movwf	btemp+1
   452  072A  3080               	movlw	128
   453  072B  027F               	subwf	btemp+1,w
   454  072C  1D03               	skipz
   455  072D  2F30               	goto	u225
   456  072E  3009               	movlw	9
   457  072F  0272               	subwf	_contador2,w
   458  0730                     u225:
   459  0730  1803               	skipnc
   460  0731  2F33               	goto	u221
   461  0732  2F34               	goto	u220
   462  0733                     u221:
   463  0733  2F3A               	goto	l51
   464  0734                     u220:
   465  0734                     l818:
   466                           
   467                           ;Main_lab1.c: 85:                     conteoJ2();
   468  0734  120A  118A  273E  120A  118A  	fcall	_conteoJ2
   469  0739  2ED7               	goto	l794
   470  073A                     l51:	
   471                           ;Main_lab1.c: 88:         }
   472                           
   473  073A  2ED7               	goto	l794
   474  073B  120A  118A  2800   	ljmp	start
   475  073E                     __end_of_main:
   476                           
   477                           	psect	text1
   478  0616                     __ptext1:	
   479 ;; *************** function _setup *****************
   480 ;; Defined at:
   481 ;;		line 97 in file "Main_lab1.c"
   482 ;; Parameters:    Size  Location     Type
   483 ;;		None
   484 ;; Auto vars:     Size  Location     Type
   485 ;;		None
   486 ;; Return value:  Size  Location     Type
   487 ;;                  1    wreg      void 
   488 ;; Registers used:
   489 ;;		wreg, status,2
   490 ;; Tracked objects:
   491 ;;		On entry : 0/0
   492 ;;		On exit  : 0/0
   493 ;;		Unchanged: 0/0
   494 ;; Data sizes:     COMMON   BANK0   BANK1   BANK3   BANK2
   495 ;;      Params:         0       0       0       0       0
   496 ;;      Locals:         0       0       0       0       0
   497 ;;      Temps:          0       0       0       0       0
   498 ;;      Totals:         0       0       0       0       0
   499 ;;Total ram usage:        0 bytes
   500 ;; Hardware stack levels used:    1
   501 ;; This function calls:
   502 ;;		Nothing
   503 ;; This function is called by:
   504 ;;		_main
   505 ;; This function uses a non-reentrant model
   506 ;;
   507                           
   508                           
   509                           ;psect for function _setup
   510  0616                     _setup:
   511  0616                     l690:	
   512                           ;incstack = 0
   513                           ; Regs used in _setup: [wreg+status,2]
   514                           
   515                           
   516                           ;Main_lab1.c: 98:     ANSEL = 0;
   517  0616  1683               	bsf	3,5	;RP0=1, select bank3
   518  0617  1703               	bsf	3,6	;RP1=1, select bank3
   519  0618  0188               	clrf	8	;volatile
   520                           
   521                           ;Main_lab1.c: 99:     ANSELH = 0;
   522  0619  0189               	clrf	9	;volatile
   523  061A                     l692:
   524                           
   525                           ;Main_lab1.c: 100:     TRISA = 0b11111000;
   526  061A  30F8               	movlw	248
   527  061B  1683               	bsf	3,5	;RP0=1, select bank1
   528  061C  1303               	bcf	3,6	;RP1=0, select bank1
   529  061D  0085               	movwf	5	;volatile
   530  061E                     l694:
   531                           
   532                           ;Main_lab1.c: 101:     PORTA = 0;
   533  061E  1283               	bcf	3,5	;RP0=0, select bank0
   534  061F  1303               	bcf	3,6	;RP1=0, select bank0
   535  0620  0185               	clrf	5	;volatile
   536                           
   537                           ;Main_lab1.c: 102:     TRISB = 0b00000111;
   538  0621  3007               	movlw	7
   539  0622  1683               	bsf	3,5	;RP0=1, select bank1
   540  0623  1303               	bcf	3,6	;RP1=0, select bank1
   541  0624  0086               	movwf	6	;volatile
   542  0625                     l696:
   543                           
   544                           ;Main_lab1.c: 103:     PORTB = 0;
   545  0625  1283               	bcf	3,5	;RP0=0, select bank0
   546  0626  1303               	bcf	3,6	;RP1=0, select bank0
   547  0627  0186               	clrf	6	;volatile
   548  0628                     l698:
   549                           
   550                           ;Main_lab1.c: 104:     TRISC = 0;
   551  0628  1683               	bsf	3,5	;RP0=1, select bank1
   552  0629  1303               	bcf	3,6	;RP1=0, select bank1
   553  062A  0187               	clrf	7	;volatile
   554  062B                     l700:
   555                           
   556                           ;Main_lab1.c: 105:     PORTC = 0;
   557  062B  1283               	bcf	3,5	;RP0=0, select bank0
   558  062C  1303               	bcf	3,6	;RP1=0, select bank0
   559  062D  0187               	clrf	7	;volatile
   560  062E                     l702:
   561                           
   562                           ;Main_lab1.c: 106:     TRISD = 0;
   563  062E  1683               	bsf	3,5	;RP0=1, select bank1
   564  062F  1303               	bcf	3,6	;RP1=0, select bank1
   565  0630  0188               	clrf	8	;volatile
   566  0631                     l704:
   567                           
   568                           ;Main_lab1.c: 107:     PORTD = 0;
   569  0631  1283               	bcf	3,5	;RP0=0, select bank0
   570  0632  1303               	bcf	3,6	;RP1=0, select bank0
   571  0633  0188               	clrf	8	;volatile
   572  0634                     l706:
   573                           
   574                           ;Main_lab1.c: 108:     TRISE = 0;
   575  0634  1683               	bsf	3,5	;RP0=1, select bank1
   576  0635  1303               	bcf	3,6	;RP1=0, select bank1
   577  0636  0189               	clrf	9	;volatile
   578  0637                     l708:
   579                           
   580                           ;Main_lab1.c: 109:     PORTE = 0;
   581  0637  1283               	bcf	3,5	;RP0=0, select bank0
   582  0638  1303               	bcf	3,6	;RP1=0, select bank0
   583  0639  0189               	clrf	9	;volatile
   584  063A                     l61:
   585  063A  0008               	return
   586  063B                     __end_of_setup:
   587                           
   588                           	psect	text2
   589  063B                     __ptext2:	
   590 ;; *************** function _semaforo *****************
   591 ;; Defined at:
   592 ;;		line 116 in file "Main_lab1.c"
   593 ;; Parameters:    Size  Location     Type
   594 ;;		None
   595 ;; Auto vars:     Size  Location     Type
   596 ;;		None
   597 ;; Return value:  Size  Location     Type
   598 ;;                  1    wreg      void 
   599 ;; Registers used:
   600 ;;		wreg
   601 ;; Tracked objects:
   602 ;;		On entry : 0/0
   603 ;;		On exit  : 0/0
   604 ;;		Unchanged: 0/0
   605 ;; Data sizes:     COMMON   BANK0   BANK1   BANK3   BANK2
   606 ;;      Params:         0       0       0       0       0
   607 ;;      Locals:         0       0       0       0       0
   608 ;;      Temps:          3       0       0       0       0
   609 ;;      Totals:         3       0       0       0       0
   610 ;;Total ram usage:        3 bytes
   611 ;; Hardware stack levels used:    1
   612 ;; This function calls:
   613 ;;		Nothing
   614 ;; This function is called by:
   615 ;;		_main
   616 ;; This function uses a non-reentrant model
   617 ;;
   618                           
   619                           
   620                           ;psect for function _semaforo
   621  063B                     _semaforo:
   622  063B                     l710:	
   623                           ;incstack = 0
   624                           ; Regs used in _semaforo: [wreg]
   625                           
   626                           
   627                           ;Main_lab1.c: 117:     PORTAbits.RA0 = 1;
   628  063B  1283               	bcf	3,5	;RP0=0, select bank0
   629  063C  1303               	bcf	3,6	;RP1=0, select bank0
   630  063D  1405               	bsf	5,0	;volatile
   631                           
   632                           ;Main_lab1.c: 118:     PORTAbits.RA1 = 0;
   633  063E  1085               	bcf	5,1	;volatile
   634                           
   635                           ;Main_lab1.c: 119:     PORTAbits.RA2 = 0;
   636  063F  1105               	bcf	5,2	;volatile
   637  0640                     l712:
   638                           
   639                           ;Main_lab1.c: 120:     _delay((unsigned long)((800)*(8000000/4000.0)));
   640  0640  3009               	movlw	9
   641  0641  00F8               	movwf	??_semaforo+2
   642  0642  301E               	movlw	30
   643  0643  00F7               	movwf	??_semaforo+1
   644  0644  30E4               	movlw	228
   645  0645  00F6               	movwf	??_semaforo
   646  0646                     u237:
   647  0646  0BF6               	decfsz	??_semaforo,f
   648  0647  2E46               	goto	u237
   649  0648  0BF7               	decfsz	??_semaforo+1,f
   650  0649  2E46               	goto	u237
   651  064A  0BF8               	decfsz	??_semaforo+2,f
   652  064B  2E46               	goto	u237
   653  064C  0000               	nop
   654  064D                     l714:
   655                           
   656                           ;Main_lab1.c: 121:     PORTAbits.RA0 = 0;
   657  064D  1283               	bcf	3,5	;RP0=0, select bank0
   658  064E  1303               	bcf	3,6	;RP1=0, select bank0
   659  064F  1005               	bcf	5,0	;volatile
   660  0650                     l716:
   661                           
   662                           ;Main_lab1.c: 122:     PORTAbits.RA1 = 1;
   663  0650  1485               	bsf	5,1	;volatile
   664  0651                     l718:
   665                           
   666                           ;Main_lab1.c: 123:     PORTAbits.RA2 = 0;
   667  0651  1105               	bcf	5,2	;volatile
   668                           
   669                           ;Main_lab1.c: 124:     _delay((unsigned long)((300)*(8000000/4000.0)));
   670  0652  3004               	movlw	4
   671  0653  00F8               	movwf	??_semaforo+2
   672  0654  300C               	movlw	12
   673  0655  00F7               	movwf	??_semaforo+1
   674  0656  3033               	movlw	51
   675  0657  00F6               	movwf	??_semaforo
   676  0658                     u247:
   677  0658  0BF6               	decfsz	??_semaforo,f
   678  0659  2E58               	goto	u247
   679  065A  0BF7               	decfsz	??_semaforo+1,f
   680  065B  2E58               	goto	u247
   681  065C  0BF8               	decfsz	??_semaforo+2,f
   682  065D  2E58               	goto	u247
   683  065E  2E5F               	nop2
   684  065F                     l720:
   685                           
   686                           ;Main_lab1.c: 125:     PORTAbits.RA0 = 0;
   687  065F  1283               	bcf	3,5	;RP0=0, select bank0
   688  0660  1303               	bcf	3,6	;RP1=0, select bank0
   689  0661  1005               	bcf	5,0	;volatile
   690  0662                     l722:
   691                           
   692                           ;Main_lab1.c: 126:     PORTAbits.RA1 = 0;
   693  0662  1085               	bcf	5,1	;volatile
   694  0663                     l724:
   695                           
   696                           ;Main_lab1.c: 127:     PORTAbits.RA2 = 1;
   697  0663  1505               	bsf	5,2	;volatile
   698                           
   699                           ;Main_lab1.c: 128:     _delay((unsigned long)((200)*(8000000/4000.0)));
   700  0664  3003               	movlw	3
   701  0665  00F8               	movwf	??_semaforo+2
   702  0666  3008               	movlw	8
   703  0667  00F7               	movwf	??_semaforo+1
   704  0668  3077               	movlw	119
   705  0669  00F6               	movwf	??_semaforo
   706  066A                     u257:
   707  066A  0BF6               	decfsz	??_semaforo,f
   708  066B  2E6A               	goto	u257
   709  066C  0BF7               	decfsz	??_semaforo+1,f
   710  066D  2E6A               	goto	u257
   711  066E  0BF8               	decfsz	??_semaforo+2,f
   712  066F  2E6A               	goto	u257
   713  0670                     l726:
   714                           
   715                           ;Main_lab1.c: 129:     PORTAbits.RA0 = 0;
   716  0670  1283               	bcf	3,5	;RP0=0, select bank0
   717  0671  1303               	bcf	3,6	;RP1=0, select bank0
   718  0672  1005               	bcf	5,0	;volatile
   719  0673                     l728:
   720                           
   721                           ;Main_lab1.c: 130:     PORTAbits.RA1 = 0;
   722  0673  1085               	bcf	5,1	;volatile
   723  0674                     l730:
   724                           
   725                           ;Main_lab1.c: 131:     PORTAbits.RA2 = 0;
   726  0674  1105               	bcf	5,2	;volatile
   727                           
   728                           ;Main_lab1.c: 132:     seguro_semaforo = 1;
   729  0675  3001               	movlw	1
   730  0676  00F0               	movwf	_seguro_semaforo
   731  0677  3000               	movlw	0
   732  0678  00F1               	movwf	_seguro_semaforo+1
   733  0679                     l64:
   734  0679  0008               	return
   735  067A                     __end_of_semaforo:
   736                           
   737                           	psect	text3
   738  073E                     __ptext3:	
   739 ;; *************** function _conteoJ2 *****************
   740 ;; Defined at:
   741 ;;		line 171 in file "Main_lab1.c"
   742 ;; Parameters:    Size  Location     Type
   743 ;;		None
   744 ;; Auto vars:     Size  Location     Type
   745 ;;		None
   746 ;; Return value:  Size  Location     Type
   747 ;;                  1    wreg      void 
   748 ;; Registers used:
   749 ;;		wreg, status,2, status,0
   750 ;; Tracked objects:
   751 ;;		On entry : 0/0
   752 ;;		On exit  : 0/0
   753 ;;		Unchanged: 0/0
   754 ;; Data sizes:     COMMON   BANK0   BANK1   BANK3   BANK2
   755 ;;      Params:         0       0       0       0       0
   756 ;;      Locals:         0       0       0       0       0
   757 ;;      Temps:          3       0       0       0       0
   758 ;;      Totals:         3       0       0       0       0
   759 ;;Total ram usage:        3 bytes
   760 ;; Hardware stack levels used:    1
   761 ;; This function calls:
   762 ;;		Nothing
   763 ;; This function is called by:
   764 ;;		_main
   765 ;; This function uses a non-reentrant model
   766 ;;
   767                           
   768                           
   769                           ;psect for function _conteoJ2
   770  073E                     _conteoJ2:
   771  073E                     l762:	
   772                           ;incstack = 0
   773                           ; Regs used in _conteoJ2: [wreg+status,2+status,0]
   774                           
   775                           
   776                           ;Main_lab1.c: 172:     if (contador2 == 1){
   777  073E  0372               	decf	_contador2,w
   778  073F  0473               	iorwf	_contador2+1,w
   779  0740  1D03               	btfss	3,2
   780  0741  2F43               	goto	u81
   781  0742  2F44               	goto	u80
   782  0743                     u81:
   783  0743  2F55               	goto	l766
   784  0744                     u80:
   785  0744                     l764:
   786                           
   787                           ;Main_lab1.c: 173:     PORTD = 0b00000001;
   788  0744  3001               	movlw	1
   789  0745  1283               	bcf	3,5	;RP0=0, select bank0
   790  0746  1303               	bcf	3,6	;RP1=0, select bank0
   791  0747  0088               	movwf	8	;volatile
   792                           
   793                           ;Main_lab1.c: 174:     _delay((unsigned long)((200)*(8000000/4000.0)));
   794  0748  3003               	movlw	3
   795  0749  00F8               	movwf	??_conteoJ2+2
   796  074A  3008               	movlw	8
   797  074B  00F7               	movwf	??_conteoJ2+1
   798  074C  3077               	movlw	119
   799  074D  00F6               	movwf	??_conteoJ2
   800  074E                     u267:
   801  074E  0BF6               	decfsz	??_conteoJ2,f
   802  074F  2F4E               	goto	u267
   803  0750  0BF7               	decfsz	??_conteoJ2+1,f
   804  0751  2F4E               	goto	u267
   805  0752  0BF8               	decfsz	??_conteoJ2+2,f
   806  0753  2F4E               	goto	u267
   807                           
   808                           ;Main_lab1.c: 175:     }
   809  0754  2FF5               	goto	l98
   810  0755                     l766:
   811  0755  3002               	movlw	2
   812  0756  0672               	xorwf	_contador2,w
   813  0757  0473               	iorwf	_contador2+1,w
   814  0758  1D03               	btfss	3,2
   815  0759  2F5B               	goto	u91
   816  075A  2F5C               	goto	u90
   817  075B                     u91:
   818  075B  2F6D               	goto	l770
   819  075C                     u90:
   820  075C                     l768:
   821                           
   822                           ;Main_lab1.c: 177:     PORTD = 0b00000010;
   823  075C  3002               	movlw	2
   824  075D  1283               	bcf	3,5	;RP0=0, select bank0
   825  075E  1303               	bcf	3,6	;RP1=0, select bank0
   826  075F  0088               	movwf	8	;volatile
   827                           
   828                           ;Main_lab1.c: 178:     _delay((unsigned long)((200)*(8000000/4000.0)));
   829  0760  3003               	movlw	3
   830  0761  00F8               	movwf	??_conteoJ2+2
   831  0762  3008               	movlw	8
   832  0763  00F7               	movwf	??_conteoJ2+1
   833  0764  3077               	movlw	119
   834  0765  00F6               	movwf	??_conteoJ2
   835  0766                     u277:
   836  0766  0BF6               	decfsz	??_conteoJ2,f
   837  0767  2F66               	goto	u277
   838  0768  0BF7               	decfsz	??_conteoJ2+1,f
   839  0769  2F66               	goto	u277
   840  076A  0BF8               	decfsz	??_conteoJ2+2,f
   841  076B  2F66               	goto	u277
   842                           
   843                           ;Main_lab1.c: 179:     }
   844  076C  2FF5               	goto	l98
   845  076D                     l770:
   846  076D  3003               	movlw	3
   847  076E  0672               	xorwf	_contador2,w
   848  076F  0473               	iorwf	_contador2+1,w
   849  0770  1D03               	btfss	3,2
   850  0771  2F73               	goto	u101
   851  0772  2F74               	goto	u100
   852  0773                     u101:
   853  0773  2F85               	goto	l774
   854  0774                     u100:
   855  0774                     l772:
   856                           
   857                           ;Main_lab1.c: 181:     PORTD = 0b00000100;
   858  0774  3004               	movlw	4
   859  0775  1283               	bcf	3,5	;RP0=0, select bank0
   860  0776  1303               	bcf	3,6	;RP1=0, select bank0
   861  0777  0088               	movwf	8	;volatile
   862                           
   863                           ;Main_lab1.c: 182:     _delay((unsigned long)((200)*(8000000/4000.0)));
   864  0778  3003               	movlw	3
   865  0779  00F8               	movwf	??_conteoJ2+2
   866  077A  3008               	movlw	8
   867  077B  00F7               	movwf	??_conteoJ2+1
   868  077C  3077               	movlw	119
   869  077D  00F6               	movwf	??_conteoJ2
   870  077E                     u287:
   871  077E  0BF6               	decfsz	??_conteoJ2,f
   872  077F  2F7E               	goto	u287
   873  0780  0BF7               	decfsz	??_conteoJ2+1,f
   874  0781  2F7E               	goto	u287
   875  0782  0BF8               	decfsz	??_conteoJ2+2,f
   876  0783  2F7E               	goto	u287
   877                           
   878                           ;Main_lab1.c: 183:     }
   879  0784  2FF5               	goto	l98
   880  0785                     l774:
   881  0785  3004               	movlw	4
   882  0786  0672               	xorwf	_contador2,w
   883  0787  0473               	iorwf	_contador2+1,w
   884  0788  1D03               	btfss	3,2
   885  0789  2F8B               	goto	u111
   886  078A  2F8C               	goto	u110
   887  078B                     u111:
   888  078B  2F9D               	goto	l778
   889  078C                     u110:
   890  078C                     l776:
   891                           
   892                           ;Main_lab1.c: 185:     PORTD = 0b00001000;
   893  078C  3008               	movlw	8
   894  078D  1283               	bcf	3,5	;RP0=0, select bank0
   895  078E  1303               	bcf	3,6	;RP1=0, select bank0
   896  078F  0088               	movwf	8	;volatile
   897                           
   898                           ;Main_lab1.c: 186:     _delay((unsigned long)((200)*(8000000/4000.0)));
   899  0790  3003               	movlw	3
   900  0791  00F8               	movwf	??_conteoJ2+2
   901  0792  3008               	movlw	8
   902  0793  00F7               	movwf	??_conteoJ2+1
   903  0794  3077               	movlw	119
   904  0795  00F6               	movwf	??_conteoJ2
   905  0796                     u297:
   906  0796  0BF6               	decfsz	??_conteoJ2,f
   907  0797  2F96               	goto	u297
   908  0798  0BF7               	decfsz	??_conteoJ2+1,f
   909  0799  2F96               	goto	u297
   910  079A  0BF8               	decfsz	??_conteoJ2+2,f
   911  079B  2F96               	goto	u297
   912                           
   913                           ;Main_lab1.c: 187:     }
   914  079C  2FF5               	goto	l98
   915  079D                     l778:
   916  079D  3005               	movlw	5
   917  079E  0672               	xorwf	_contador2,w
   918  079F  0473               	iorwf	_contador2+1,w
   919  07A0  1D03               	btfss	3,2
   920  07A1  2FA3               	goto	u121
   921  07A2  2FA4               	goto	u120
   922  07A3                     u121:
   923  07A3  2FB5               	goto	l782
   924  07A4                     u120:
   925  07A4                     l780:
   926                           
   927                           ;Main_lab1.c: 189:     PORTD = 0b00010000;
   928  07A4  3010               	movlw	16
   929  07A5  1283               	bcf	3,5	;RP0=0, select bank0
   930  07A6  1303               	bcf	3,6	;RP1=0, select bank0
   931  07A7  0088               	movwf	8	;volatile
   932                           
   933                           ;Main_lab1.c: 190:     _delay((unsigned long)((200)*(8000000/4000.0)));
   934  07A8  3003               	movlw	3
   935  07A9  00F8               	movwf	??_conteoJ2+2
   936  07AA  3008               	movlw	8
   937  07AB  00F7               	movwf	??_conteoJ2+1
   938  07AC  3077               	movlw	119
   939  07AD  00F6               	movwf	??_conteoJ2
   940  07AE                     u307:
   941  07AE  0BF6               	decfsz	??_conteoJ2,f
   942  07AF  2FAE               	goto	u307
   943  07B0  0BF7               	decfsz	??_conteoJ2+1,f
   944  07B1  2FAE               	goto	u307
   945  07B2  0BF8               	decfsz	??_conteoJ2+2,f
   946  07B3  2FAE               	goto	u307
   947                           
   948                           ;Main_lab1.c: 191:     }
   949  07B4  2FF5               	goto	l98
   950  07B5                     l782:
   951  07B5  3006               	movlw	6
   952  07B6  0672               	xorwf	_contador2,w
   953  07B7  0473               	iorwf	_contador2+1,w
   954  07B8  1D03               	btfss	3,2
   955  07B9  2FBB               	goto	u131
   956  07BA  2FBC               	goto	u130
   957  07BB                     u131:
   958  07BB  2FCD               	goto	l786
   959  07BC                     u130:
   960  07BC                     l784:
   961                           
   962                           ;Main_lab1.c: 193:     PORTD = 0b00100000;
   963  07BC  3020               	movlw	32
   964  07BD  1283               	bcf	3,5	;RP0=0, select bank0
   965  07BE  1303               	bcf	3,6	;RP1=0, select bank0
   966  07BF  0088               	movwf	8	;volatile
   967                           
   968                           ;Main_lab1.c: 194:     _delay((unsigned long)((200)*(8000000/4000.0)));
   969  07C0  3003               	movlw	3
   970  07C1  00F8               	movwf	??_conteoJ2+2
   971  07C2  3008               	movlw	8
   972  07C3  00F7               	movwf	??_conteoJ2+1
   973  07C4  3077               	movlw	119
   974  07C5  00F6               	movwf	??_conteoJ2
   975  07C6                     u317:
   976  07C6  0BF6               	decfsz	??_conteoJ2,f
   977  07C7  2FC6               	goto	u317
   978  07C8  0BF7               	decfsz	??_conteoJ2+1,f
   979  07C9  2FC6               	goto	u317
   980  07CA  0BF8               	decfsz	??_conteoJ2+2,f
   981  07CB  2FC6               	goto	u317
   982                           
   983                           ;Main_lab1.c: 195:     }
   984  07CC  2FF5               	goto	l98
   985  07CD                     l786:
   986  07CD  3007               	movlw	7
   987  07CE  0672               	xorwf	_contador2,w
   988  07CF  0473               	iorwf	_contador2+1,w
   989  07D0  1D03               	btfss	3,2
   990  07D1  2FD3               	goto	u141
   991  07D2  2FD4               	goto	u140
   992  07D3                     u141:
   993  07D3  2FE5               	goto	l790
   994  07D4                     u140:
   995  07D4                     l788:
   996                           
   997                           ;Main_lab1.c: 197:     PORTD = 0b01000000;
   998  07D4  3040               	movlw	64
   999  07D5  1283               	bcf	3,5	;RP0=0, select bank0
  1000  07D6  1303               	bcf	3,6	;RP1=0, select bank0
  1001  07D7  0088               	movwf	8	;volatile
  1002                           
  1003                           ;Main_lab1.c: 198:     _delay((unsigned long)((200)*(8000000/4000.0)));
  1004  07D8  3003               	movlw	3
  1005  07D9  00F8               	movwf	??_conteoJ2+2
  1006  07DA  3008               	movlw	8
  1007  07DB  00F7               	movwf	??_conteoJ2+1
  1008  07DC  3077               	movlw	119
  1009  07DD  00F6               	movwf	??_conteoJ2
  1010  07DE                     u327:
  1011  07DE  0BF6               	decfsz	??_conteoJ2,f
  1012  07DF  2FDE               	goto	u327
  1013  07E0  0BF7               	decfsz	??_conteoJ2+1,f
  1014  07E1  2FDE               	goto	u327
  1015  07E2  0BF8               	decfsz	??_conteoJ2+2,f
  1016  07E3  2FDE               	goto	u327
  1017                           
  1018                           ;Main_lab1.c: 199:     }
  1019  07E4  2FF5               	goto	l98
  1020  07E5                     l790:
  1021                           
  1022                           ;Main_lab1.c: 201:     PORTD = 0b10000000;
  1023  07E5  3080               	movlw	128
  1024  07E6  1283               	bcf	3,5	;RP0=0, select bank0
  1025  07E7  1303               	bcf	3,6	;RP1=0, select bank0
  1026  07E8  0088               	movwf	8	;volatile
  1027                           
  1028                           ;Main_lab1.c: 202:     _delay((unsigned long)((200)*(8000000/4000.0)));
  1029  07E9  3003               	movlw	3
  1030  07EA  00F8               	movwf	??_conteoJ2+2
  1031  07EB  3008               	movlw	8
  1032  07EC  00F7               	movwf	??_conteoJ2+1
  1033  07ED  3077               	movlw	119
  1034  07EE  00F6               	movwf	??_conteoJ2
  1035  07EF                     u337:
  1036  07EF  0BF6               	decfsz	??_conteoJ2,f
  1037  07F0  2FEF               	goto	u337
  1038  07F1  0BF7               	decfsz	??_conteoJ2+1,f
  1039  07F2  2FEF               	goto	u337
  1040  07F3  0BF8               	decfsz	??_conteoJ2+2,f
  1041  07F4  2FEF               	goto	u337
  1042  07F5                     l98:
  1043  07F5  0008               	return
  1044  07F6                     __end_of_conteoJ2:
  1045                           
  1046                           	psect	text4
  1047  067A                     __ptext4:	
  1048 ;; *************** function _conteoJ1 *****************
  1049 ;; Defined at:
  1050 ;;		line 135 in file "Main_lab1.c"
  1051 ;; Parameters:    Size  Location     Type
  1052 ;;		None
  1053 ;; Auto vars:     Size  Location     Type
  1054 ;;		None
  1055 ;; Return value:  Size  Location     Type
  1056 ;;                  1    wreg      void 
  1057 ;; Registers used:
  1058 ;;		wreg, status,2, status,0
  1059 ;; Tracked objects:
  1060 ;;		On entry : 0/0
  1061 ;;		On exit  : 0/0
  1062 ;;		Unchanged: 0/0
  1063 ;; Data sizes:     COMMON   BANK0   BANK1   BANK3   BANK2
  1064 ;;      Params:         0       0       0       0       0
  1065 ;;      Locals:         0       0       0       0       0
  1066 ;;      Temps:          0       0       0       0       0
  1067 ;;      Totals:         0       0       0       0       0
  1068 ;;Total ram usage:        0 bytes
  1069 ;; Hardware stack levels used:    1
  1070 ;; This function calls:
  1071 ;;		Nothing
  1072 ;; This function is called by:
  1073 ;;		_main
  1074 ;; This function uses a non-reentrant model
  1075 ;;
  1076                           
  1077                           
  1078                           ;psect for function _conteoJ1
  1079  067A                     _conteoJ1:
  1080  067A                     l732:	
  1081                           ;incstack = 0
  1082                           ; Regs used in _conteoJ1: [wreg+status,2+status,0]
  1083                           
  1084                           
  1085                           ;Main_lab1.c: 136:     if (contador1 == 1){
  1086  067A  0374               	decf	_contador1,w
  1087  067B  0475               	iorwf	_contador1+1,w
  1088  067C  1D03               	btfss	3,2
  1089  067D  2E7F               	goto	u11
  1090  067E  2E80               	goto	u10
  1091  067F                     u11:
  1092  067F  2E85               	goto	l736
  1093  0680                     u10:
  1094  0680                     l734:
  1095                           
  1096                           ;Main_lab1.c: 137:     PORTC = 0b00000001;
  1097  0680  3001               	movlw	1
  1098  0681  1283               	bcf	3,5	;RP0=0, select bank0
  1099  0682  1303               	bcf	3,6	;RP1=0, select bank0
  1100  0683  0087               	movwf	7	;volatile
  1101                           
  1102                           ;Main_lab1.c: 139:     }
  1103  0684  2ED1               	goto	l81
  1104  0685                     l736:
  1105  0685  3002               	movlw	2
  1106  0686  0674               	xorwf	_contador1,w
  1107  0687  0475               	iorwf	_contador1+1,w
  1108  0688  1D03               	btfss	3,2
  1109  0689  2E8B               	goto	u21
  1110  068A  2E8C               	goto	u20
  1111  068B                     u21:
  1112  068B  2E91               	goto	l740
  1113  068C                     u20:
  1114  068C                     l738:
  1115                           
  1116                           ;Main_lab1.c: 141:     PORTC = 0b00000010;
  1117  068C  3002               	movlw	2
  1118  068D  1283               	bcf	3,5	;RP0=0, select bank0
  1119  068E  1303               	bcf	3,6	;RP1=0, select bank0
  1120  068F  0087               	movwf	7	;volatile
  1121                           
  1122                           ;Main_lab1.c: 143:     }
  1123  0690  2ED1               	goto	l81
  1124  0691                     l740:
  1125  0691  3003               	movlw	3
  1126  0692  0674               	xorwf	_contador1,w
  1127  0693  0475               	iorwf	_contador1+1,w
  1128  0694  1D03               	btfss	3,2
  1129  0695  2E97               	goto	u31
  1130  0696  2E98               	goto	u30
  1131  0697                     u31:
  1132  0697  2E9D               	goto	l744
  1133  0698                     u30:
  1134  0698                     l742:
  1135                           
  1136                           ;Main_lab1.c: 145:     PORTC = 0b00000100;
  1137  0698  3004               	movlw	4
  1138  0699  1283               	bcf	3,5	;RP0=0, select bank0
  1139  069A  1303               	bcf	3,6	;RP1=0, select bank0
  1140  069B  0087               	movwf	7	;volatile
  1141                           
  1142                           ;Main_lab1.c: 147:     }
  1143  069C  2ED1               	goto	l81
  1144  069D                     l744:
  1145  069D  3004               	movlw	4
  1146  069E  0674               	xorwf	_contador1,w
  1147  069F  0475               	iorwf	_contador1+1,w
  1148  06A0  1D03               	btfss	3,2
  1149  06A1  2EA3               	goto	u41
  1150  06A2  2EA4               	goto	u40
  1151  06A3                     u41:
  1152  06A3  2EA9               	goto	l748
  1153  06A4                     u40:
  1154  06A4                     l746:
  1155                           
  1156                           ;Main_lab1.c: 149:     PORTC = 0b00001000;
  1157  06A4  3008               	movlw	8
  1158  06A5  1283               	bcf	3,5	;RP0=0, select bank0
  1159  06A6  1303               	bcf	3,6	;RP1=0, select bank0
  1160  06A7  0087               	movwf	7	;volatile
  1161                           
  1162                           ;Main_lab1.c: 151:     }
  1163  06A8  2ED1               	goto	l81
  1164  06A9                     l748:
  1165  06A9  3005               	movlw	5
  1166  06AA  0674               	xorwf	_contador1,w
  1167  06AB  0475               	iorwf	_contador1+1,w
  1168  06AC  1D03               	btfss	3,2
  1169  06AD  2EAF               	goto	u51
  1170  06AE  2EB0               	goto	u50
  1171  06AF                     u51:
  1172  06AF  2EB5               	goto	l752
  1173  06B0                     u50:
  1174  06B0                     l750:
  1175                           
  1176                           ;Main_lab1.c: 153:     PORTC = 0b00010000;
  1177  06B0  3010               	movlw	16
  1178  06B1  1283               	bcf	3,5	;RP0=0, select bank0
  1179  06B2  1303               	bcf	3,6	;RP1=0, select bank0
  1180  06B3  0087               	movwf	7	;volatile
  1181                           
  1182                           ;Main_lab1.c: 155:     }
  1183  06B4  2ED1               	goto	l81
  1184  06B5                     l752:
  1185  06B5  3006               	movlw	6
  1186  06B6  0674               	xorwf	_contador1,w
  1187  06B7  0475               	iorwf	_contador1+1,w
  1188  06B8  1D03               	btfss	3,2
  1189  06B9  2EBB               	goto	u61
  1190  06BA  2EBC               	goto	u60
  1191  06BB                     u61:
  1192  06BB  2EC1               	goto	l756
  1193  06BC                     u60:
  1194  06BC                     l754:
  1195                           
  1196                           ;Main_lab1.c: 157:     PORTC = 0b00100000;
  1197  06BC  3020               	movlw	32
  1198  06BD  1283               	bcf	3,5	;RP0=0, select bank0
  1199  06BE  1303               	bcf	3,6	;RP1=0, select bank0
  1200  06BF  0087               	movwf	7	;volatile
  1201                           
  1202                           ;Main_lab1.c: 159:     }
  1203  06C0  2ED1               	goto	l81
  1204  06C1                     l756:
  1205  06C1  3007               	movlw	7
  1206  06C2  0674               	xorwf	_contador1,w
  1207  06C3  0475               	iorwf	_contador1+1,w
  1208  06C4  1D03               	btfss	3,2
  1209  06C5  2EC7               	goto	u71
  1210  06C6  2EC8               	goto	u70
  1211  06C7                     u71:
  1212  06C7  2ECD               	goto	l760
  1213  06C8                     u70:
  1214  06C8                     l758:
  1215                           
  1216                           ;Main_lab1.c: 161:     PORTC = 0b01000000;
  1217  06C8  3040               	movlw	64
  1218  06C9  1283               	bcf	3,5	;RP0=0, select bank0
  1219  06CA  1303               	bcf	3,6	;RP1=0, select bank0
  1220  06CB  0087               	movwf	7	;volatile
  1221                           
  1222                           ;Main_lab1.c: 163:     }
  1223  06CC  2ED1               	goto	l81
  1224  06CD                     l760:
  1225                           
  1226                           ;Main_lab1.c: 165:     PORTC = 0b10000000;
  1227  06CD  3080               	movlw	128
  1228  06CE  1283               	bcf	3,5	;RP0=0, select bank0
  1229  06CF  1303               	bcf	3,6	;RP1=0, select bank0
  1230  06D0  0087               	movwf	7	;volatile
  1231  06D1                     l81:
  1232  06D1  0008               	return
  1233  06D2                     __end_of_conteoJ1:
  1234  007E                     btemp	set	126	;btemp
  1235  007E                     wtemp0	set	126
  1236                           
  1237                           	psect	config
  1238                           
  1239                           ;Config register CONFIG1 @ 0x2007
  1240                           ;	Oscillator Selection bits
  1241                           ;	FOSC = XT, XT oscillator: Crystal/resonator on RA6/OSC2/CLKOUT and RA7/OSC1/CLKIN
  1242                           ;	Watchdog Timer Enable bit
  1243                           ;	WDTE = OFF, WDT disabled and can be enabled by SWDTEN bit of the WDTCON register
  1244                           ;	Power-up Timer Enable bit
  1245                           ;	PWRTE = OFF, PWRT disabled
  1246                           ;	RE3/MCLR pin function select bit
  1247                           ;	MCLRE = OFF, RE3/MCLR pin function is digital input, MCLR internally tied to VDD
  1248                           ;	Code Protection bit
  1249                           ;	CP = OFF, Program memory code protection is disabled
  1250                           ;	Data Code Protection bit
  1251                           ;	CPD = OFF, Data memory code protection is disabled
  1252                           ;	Brown Out Reset Selection bits
  1253                           ;	BOREN = OFF, BOR disabled
  1254                           ;	Internal External Switchover bit
  1255                           ;	IESO = OFF, Internal/External Switchover mode is disabled
  1256                           ;	Fail-Safe Clock Monitor Enabled bit
  1257                           ;	FCMEN = OFF, Fail-Safe Clock Monitor is disabled
  1258                           ;	Low Voltage Programming Enable bit
  1259                           ;	LVP = OFF, RB3 pin has digital I/O, HV on MCLR must be used for programming
  1260                           ;	In-Circuit Debugger Mode bit
  1261                           ;	DEBUG = 0x1, unprogrammed default
  1262  2007                     	org	8199
  1263  2007  20D1               	dw	8401
  1264                           
  1265                           ;Config register CONFIG2 @ 0x2008
  1266                           ;	Brown-out Reset Selection bit
  1267                           ;	BOR4V = BOR40V, Brown-out Reset set to 4.0V
  1268                           ;	Flash Program Memory Self Write Enable bits
  1269                           ;	WRT = OFF, Write protection off
  1270  2008                     	org	8200
  1271  2008  3FFF               	dw	16383

Data Sizes:
    Strings     0
    Constant    0
    Data        0
    BSS         6
    Persistent  0
    Stack       0

Auto Spaces:
    Space          Size  Autos    Used
    COMMON           14      3       9
    BANK0            80      0       0
    BANK1            80      0       0
    BANK3            96      0       0
    BANK2            96      0       0

Pointer List with Targets:

    None.

Critical Paths under _main in COMMON

    _main->_conteoJ2
    _main->_semaforo

Critical Paths under _main in BANK0

    None.

Critical Paths under _main in BANK1

    None.

Critical Paths under _main in BANK3

    None.

Critical Paths under _main in BANK2

    None.

Call Graph Tables:

 ---------------------------------------------------------------------------------
 (Depth) Function   	        Calls       Base Space   Used Autos Params    Refs
 ---------------------------------------------------------------------------------
 (0) _main                                                 0     0      0       0
                           _conteoJ1
                           _conteoJ2
                           _semaforo
                              _setup
 ---------------------------------------------------------------------------------
 (1) _setup                                                0     0      0       0
 ---------------------------------------------------------------------------------
 (1) _semaforo                                             3     3      0       0
                                              0 COMMON     3     3      0
 ---------------------------------------------------------------------------------
 (1) _conteoJ2                                             3     3      0       0
                                              0 COMMON     3     3      0
 ---------------------------------------------------------------------------------
 (1) _conteoJ1                                             0     0      0       0
 ---------------------------------------------------------------------------------
 Estimated maximum stack depth 1
 ---------------------------------------------------------------------------------

 Call Graph Graphs:

 _main (ROOT)
   _conteoJ1
   _conteoJ2
   _semaforo
   _setup

 Address spaces:
Name               Size   Autos  Total    Cost      Usage
BITCOMMON            E      0       0       0        0.0%
EEDATA             100      0       0       0        0.0%
NULL                 0      0       0       0        0.0%
CODE                 0      0       0       0        0.0%
COMMON               E      3       9       1       64.3%
BITSFR0              0      0       0       1        0.0%
SFR0                 0      0       0       1        0.0%
BITSFR1              0      0       0       2        0.0%
SFR1                 0      0       0       2        0.0%
STACK                0      0       0       2        0.0%
ABS                  0      0       9       3        0.0%
BITBANK0            50      0       0       4        0.0%
BITSFR3              0      0       0       4        0.0%
SFR3                 0      0       0       4        0.0%
BANK0               50      0       0       5        0.0%
BITSFR2              0      0       0       5        0.0%
SFR2                 0      0       0       5        0.0%
BITBANK1            50      0       0       6        0.0%
BANK1               50      0       0       7        0.0%
BITBANK3            60      0       0       8        0.0%
BANK3               60      0       0       9        0.0%
BITBANK2            60      0       0      10        0.0%
BANK2               60      0       0      11        0.0%
DATA                 0      0       9      12        0.0%


Microchip Technology PIC Macro Assembler V2.31 build 20201012212115 
Symbol Table                                                                                   Mon Jan 25 23:00:50 2021

                     l51 073A                       l61 063A                       l64 0679  
                     l81 06D1                       l98 07F5                       u10 0680  
                     u11 067F                       u20 068C                       u21 068B  
                     u30 0698                       u31 0697                       u40 06A4  
                     u41 06A3                       u50 06B0                       u51 06AF  
                     u60 06BC                       u61 06BB                       u70 06C8  
                     u71 06C7                       u80 0744                       u81 0743  
                     u90 075C                       u91 075B                      l700 062B  
                    l710 063B                      l702 062E                      l720 065F  
                    l712 0640                      l704 0631                      l800 06E8  
                    l730 0674                      l722 0662                      l714 064D  
                    l706 0634                      l802 06EE                      l810 070C  
                    l740 0691                      l732 067A                      l724 0663  
                    l716 0650                      l708 0637                      l812 0712  
                    l804 06F6                      l750 06B0                      l742 0698  
                    l734 0680                      l726 0670                      l718 0651  
                    l814 071A                      l806 06FA                      l760 06CD  
                    l752 06B5                      l744 069D                      l736 0685  
                    l728 0673                      l816 0727                      l808 0707  
                    l754 06BC                      l746 06A4                      l738 068C  
                    l770 076D                      l762 073E                      l690 0616  
                    l818 0734                      l756 06C1                      l748 06A9  
                    l780 07A4                      l772 0774                      l764 0744  
                    l692 061A                      l758 06C8                      l790 07E5  
                    l782 07B5                      l774 0785                      l766 0755  
                    l694 061E                      l784 07BC                      l776 078C  
                    l768 075C                      l696 0625                      l792 06D2  
                    l786 07CD                      l778 079D                      l698 0628  
                    l794 06D7                      l788 07D4                      l796 06DD  
                    l798 06E2                      u100 0774                      u101 0773  
                    u110 078C                      u111 078B                      u120 07A4  
                    u200 0712                      u121 07A3                      u201 0711  
                    u130 07BC                      u210 0727                      u131 07BB  
                    u211 0726                      u140 07D4                      u220 0734  
                    u141 07D3                      u221 0733                      u150 06DD  
                    u215 0723                      u151 06DC                      u160 06E8  
                    u225 0730                      u161 06E7                      u170 06EE  
                    u307 07AE                      u171 06ED                      u180 06FA  
                    u317 07C6                      u237 0646                      u181 06F9  
                    u190 0707                      u327 07DE                      u247 0658  
                    u191 0706                      u337 07EF                      u257 066A  
                    u267 074E                      u195 0703                      u277 0766  
                    u287 077E                      u297 0796                     _main 06D2  
                   btemp 007E                     start 0000                    ?_main 0076  
                  _ANSEL 0188                    _PORTA 0005                    _PORTB 0006  
                  _PORTC 0007                    _PORTD 0008                    _PORTE 0009  
                  _TRISA 0085                    _TRISB 0086                    _TRISC 0087  
                  _TRISD 0088                    _TRISE 0089                    _setup 0616  
                  status 0003                    wtemp0 007E          __initialization 07F6  
           __end_of_main 073E                   ??_main 0079                   ?_setup 0076  
                 _ANSELH 0189         __end_of_conteoJ1 06D2         __end_of_conteoJ2 07F6  
       __end_of_semaforo 067A  __end_of__initialization 07FC           __pcstackCOMMON 0076  
          __end_of_setup 063B                  ??_setup 0076               __pmaintext 06D2  
              ?_conteoJ1 0076                ?_conteoJ2 0076                ?_semaforo 0076  
                __ptext1 0616                  __ptext2 063B                  __ptext3 073E  
                __ptext4 067A               ??_conteoJ1 0076               ??_conteoJ2 0076  
   end_of_initialization 07FC               ??_semaforo 0076                _PORTAbits 0005  
              _PORTBbits 0006      start_initialization 07F6              __pbssCOMMON 0070  
              ___latbits 0002        __size_of_conteoJ1 0058        __size_of_conteoJ2 00B8  
      __size_of_semaforo 003F                _contador1 0074                _contador2 0072  
         __size_of_setup 0025                 _conteoJ1 067A                 _conteoJ2 073E  
          __size_of_main 006C                 _semaforo 063B          _seguro_semaforo 0070  
