

Microchip MPLAB XC8 Assembler V2.31 build 20201012212115 
                                                                                               Wed Mar 03 19:30:30 2021

Microchip MPLAB XC8 C Compiler v2.31 (Free license) build 20201012212115 Og1 
     1                           	processor	16F887
     2                           	pagewidth 120
     3                           	opt	flic
     4                           	psect	cinit,global,class=CODE,merge=1,delta=2
     5                           	psect	bssCOMMON,global,class=COMMON,space=1,delta=1,noexec
     6                           	psect	cstackCOMMON,global,class=COMMON,space=1,delta=1,noexec
     7                           	psect	maintext,global,class=CODE,split=1,delta=2
     8                           	psect	text1,local,class=CODE,merge=1,delta=2
     9                           	psect	text2,local,class=CODE,merge=1,delta=2
    10                           	psect	text3,local,class=CODE,merge=1,delta=2
    11                           	psect	intentry,global,class=CODE,delta=2
    12                           	psect	config,global,abs,ovrld,class=CONFIG,space=4,delta=2,noexec
    13                           	dabs	1,0x7E,2
    14  0000                     
    15                           ; Version 2.20
    16                           ; Generated 12/02/2020 GMT
    17                           ; 
    18                           ; Copyright © 2020, Microchip Technology Inc. and its subsidiaries ("Microchip")
    19                           ; All rights reserved.
    20                           ; 
    21                           ; This software is developed by Microchip Technology Inc. and its subsidiaries ("Microch
      +                          ip").
    22                           ; 
    23                           ; Redistribution and use in source and binary forms, with or without modification, are
    24                           ; permitted provided that the following conditions are met:
    25                           ; 
    26                           ;     1. Redistributions of source code must retain the above copyright notice, this lis
      +                          t of
    27                           ;        conditions and the following disclaimer.
    28                           ; 
    29                           ;     2. Redistributions in binary form must reproduce the above copyright notice, this 
      +                          list
    30                           ;        of conditions and the following disclaimer in the documentation and/or other
    31                           ;        materials provided with the distribution.
    32                           ; 
    33                           ;     3. Microchip's name may not be used to endorse or promote products derived from th
      +                          is
    34                           ;        software without specific prior written permission.
    35                           ; 
    36                           ; THIS SOFTWARE IS PROVIDED BY MICROCHIP "AS IS" AND ANY EXPRESS OR IMPLIED WARRANTIES,
    37                           ; INCLUDING, BUT NOT LIMITED TO, THE IMPLIED WARRANTIES OF MERCHANTABILITY AND FITNESS F
      +                          OR
    38                           ; PURPOSE ARE DISCLAIMED.  IN NO EVENT SHALL MICROCHIP BE LIABLE FOR ANY DIRECT, INDIREC
      +                          T,
    39                           ; INCIDENTAL, SPECIAL, EXEMPLARY, OR CONSEQUENTIAL DAMAGES (INCLUDING BUT NOT LIMITED TO
    40                           ; PROCUREMENT OF SUBSTITUTE GOODS OR SERVICES; LOSS OF USE, DATA OR PROFITS; OR BUSINESS
    41                           ; INTERRUPTION) HOWSOEVER CAUSED AND ON ANY THEORY OF LIABILITY, WHETHER IN CONTRACT, ST
      +                          RICT
    42                           ; LIABILITY, OR TORT (INCLUDING NEGLIGENCE OR OTHERWISE) ARISING IN ANY WAY OUT OF THE U
      +                          SE OF
    43                           ; THIS SOFTWARE, EVEN IF ADVISED OF THE POSSIBILITY OF SUCH DAMAGE.
    44                           ; 
    45                           ; 
    46                           ; Code-generator required, PIC16F887 Definitions
    47                           ; 
    48                           ; SFR Addresses
    49  0000                     	;# 
    50  0001                     	;# 
    51  0002                     	;# 
    52  0003                     	;# 
    53  0004                     	;# 
    54  0005                     	;# 
    55  0006                     	;# 
    56  0007                     	;# 
    57  0008                     	;# 
    58  0009                     	;# 
    59  000A                     	;# 
    60  000B                     	;# 
    61  000C                     	;# 
    62  000D                     	;# 
    63  000E                     	;# 
    64  000E                     	;# 
    65  000F                     	;# 
    66  0010                     	;# 
    67  0011                     	;# 
    68  0012                     	;# 
    69  0013                     	;# 
    70  0014                     	;# 
    71  0015                     	;# 
    72  0015                     	;# 
    73  0016                     	;# 
    74  0017                     	;# 
    75  0018                     	;# 
    76  0019                     	;# 
    77  001A                     	;# 
    78  001B                     	;# 
    79  001B                     	;# 
    80  001C                     	;# 
    81  001D                     	;# 
    82  001E                     	;# 
    83  001F                     	;# 
    84  0081                     	;# 
    85  0085                     	;# 
    86  0086                     	;# 
    87  0087                     	;# 
    88  0088                     	;# 
    89  0089                     	;# 
    90  008C                     	;# 
    91  008D                     	;# 
    92  008E                     	;# 
    93  008F                     	;# 
    94  0090                     	;# 
    95  0091                     	;# 
    96  0092                     	;# 
    97  0093                     	;# 
    98  0093                     	;# 
    99  0093                     	;# 
   100  0094                     	;# 
   101  0095                     	;# 
   102  0096                     	;# 
   103  0097                     	;# 
   104  0098                     	;# 
   105  0099                     	;# 
   106  009A                     	;# 
   107  009B                     	;# 
   108  009C                     	;# 
   109  009D                     	;# 
   110  009E                     	;# 
   111  009F                     	;# 
   112  0105                     	;# 
   113  0107                     	;# 
   114  0108                     	;# 
   115  0109                     	;# 
   116  010C                     	;# 
   117  010C                     	;# 
   118  010D                     	;# 
   119  010E                     	;# 
   120  010F                     	;# 
   121  0185                     	;# 
   122  0187                     	;# 
   123  0188                     	;# 
   124  0189                     	;# 
   125  018C                     	;# 
   126  018D                     	;# 
   127  0000                     	;# 
   128  0001                     	;# 
   129  0002                     	;# 
   130  0003                     	;# 
   131  0004                     	;# 
   132  0005                     	;# 
   133  0006                     	;# 
   134  0007                     	;# 
   135  0008                     	;# 
   136  0009                     	;# 
   137  000A                     	;# 
   138  000B                     	;# 
   139  000C                     	;# 
   140  000D                     	;# 
   141  000E                     	;# 
   142  000E                     	;# 
   143  000F                     	;# 
   144  0010                     	;# 
   145  0011                     	;# 
   146  0012                     	;# 
   147  0013                     	;# 
   148  0014                     	;# 
   149  0015                     	;# 
   150  0015                     	;# 
   151  0016                     	;# 
   152  0017                     	;# 
   153  0018                     	;# 
   154  0019                     	;# 
   155  001A                     	;# 
   156  001B                     	;# 
   157  001B                     	;# 
   158  001C                     	;# 
   159  001D                     	;# 
   160  001E                     	;# 
   161  001F                     	;# 
   162  0081                     	;# 
   163  0085                     	;# 
   164  0086                     	;# 
   165  0087                     	;# 
   166  0088                     	;# 
   167  0089                     	;# 
   168  008C                     	;# 
   169  008D                     	;# 
   170  008E                     	;# 
   171  008F                     	;# 
   172  0090                     	;# 
   173  0091                     	;# 
   174  0092                     	;# 
   175  0093                     	;# 
   176  0093                     	;# 
   177  0093                     	;# 
   178  0094                     	;# 
   179  0095                     	;# 
   180  0096                     	;# 
   181  0097                     	;# 
   182  0098                     	;# 
   183  0099                     	;# 
   184  009A                     	;# 
   185  009B                     	;# 
   186  009C                     	;# 
   187  009D                     	;# 
   188  009E                     	;# 
   189  009F                     	;# 
   190  0105                     	;# 
   191  0107                     	;# 
   192  0108                     	;# 
   193  0109                     	;# 
   194  010C                     	;# 
   195  010C                     	;# 
   196  010D                     	;# 
   197  010E                     	;# 
   198  010F                     	;# 
   199  0185                     	;# 
   200  0187                     	;# 
   201  0188                     	;# 
   202  0189                     	;# 
   203  018C                     	;# 
   204  018D                     	;# 
   205  0000                     	;# 
   206  0001                     	;# 
   207  0002                     	;# 
   208  0003                     	;# 
   209  0004                     	;# 
   210  0005                     	;# 
   211  0006                     	;# 
   212  0007                     	;# 
   213  0008                     	;# 
   214  0009                     	;# 
   215  000A                     	;# 
   216  000B                     	;# 
   217  000C                     	;# 
   218  000D                     	;# 
   219  000E                     	;# 
   220  000E                     	;# 
   221  000F                     	;# 
   222  0010                     	;# 
   223  0011                     	;# 
   224  0012                     	;# 
   225  0013                     	;# 
   226  0014                     	;# 
   227  0015                     	;# 
   228  0015                     	;# 
   229  0016                     	;# 
   230  0017                     	;# 
   231  0018                     	;# 
   232  0019                     	;# 
   233  001A                     	;# 
   234  001B                     	;# 
   235  001B                     	;# 
   236  001C                     	;# 
   237  001D                     	;# 
   238  001E                     	;# 
   239  001F                     	;# 
   240  0081                     	;# 
   241  0085                     	;# 
   242  0086                     	;# 
   243  0087                     	;# 
   244  0088                     	;# 
   245  0089                     	;# 
   246  008C                     	;# 
   247  008D                     	;# 
   248  008E                     	;# 
   249  008F                     	;# 
   250  0090                     	;# 
   251  0091                     	;# 
   252  0092                     	;# 
   253  0093                     	;# 
   254  0093                     	;# 
   255  0093                     	;# 
   256  0094                     	;# 
   257  0095                     	;# 
   258  0096                     	;# 
   259  0097                     	;# 
   260  0098                     	;# 
   261  0099                     	;# 
   262  009A                     	;# 
   263  009B                     	;# 
   264  009C                     	;# 
   265  009D                     	;# 
   266  009E                     	;# 
   267  009F                     	;# 
   268  0105                     	;# 
   269  0107                     	;# 
   270  0108                     	;# 
   271  0109                     	;# 
   272  010C                     	;# 
   273  010C                     	;# 
   274  010D                     	;# 
   275  010E                     	;# 
   276  010F                     	;# 
   277  0185                     	;# 
   278  0187                     	;# 
   279  0188                     	;# 
   280  0189                     	;# 
   281  018C                     	;# 
   282  018D                     	;# 
   283  0000                     	;# 
   284  0001                     	;# 
   285  0002                     	;# 
   286  0003                     	;# 
   287  0004                     	;# 
   288  0005                     	;# 
   289  0006                     	;# 
   290  0007                     	;# 
   291  0008                     	;# 
   292  0009                     	;# 
   293  000A                     	;# 
   294  000B                     	;# 
   295  000C                     	;# 
   296  000D                     	;# 
   297  000E                     	;# 
   298  000E                     	;# 
   299  000F                     	;# 
   300  0010                     	;# 
   301  0011                     	;# 
   302  0012                     	;# 
   303  0013                     	;# 
   304  0014                     	;# 
   305  0015                     	;# 
   306  0015                     	;# 
   307  0016                     	;# 
   308  0017                     	;# 
   309  0018                     	;# 
   310  0019                     	;# 
   311  001A                     	;# 
   312  001B                     	;# 
   313  001B                     	;# 
   314  001C                     	;# 
   315  001D                     	;# 
   316  001E                     	;# 
   317  001F                     	;# 
   318  0081                     	;# 
   319  0085                     	;# 
   320  0086                     	;# 
   321  0087                     	;# 
   322  0088                     	;# 
   323  0089                     	;# 
   324  008C                     	;# 
   325  008D                     	;# 
   326  008E                     	;# 
   327  008F                     	;# 
   328  0090                     	;# 
   329  0091                     	;# 
   330  0092                     	;# 
   331  0093                     	;# 
   332  0093                     	;# 
   333  0093                     	;# 
   334  0094                     	;# 
   335  0095                     	;# 
   336  0096                     	;# 
   337  0097                     	;# 
   338  0098                     	;# 
   339  0099                     	;# 
   340  009A                     	;# 
   341  009B                     	;# 
   342  009C                     	;# 
   343  009D                     	;# 
   344  009E                     	;# 
   345  009F                     	;# 
   346  0105                     	;# 
   347  0107                     	;# 
   348  0108                     	;# 
   349  0109                     	;# 
   350  010C                     	;# 
   351  010C                     	;# 
   352  010D                     	;# 
   353  010E                     	;# 
   354  010F                     	;# 
   355  0185                     	;# 
   356  0187                     	;# 
   357  0188                     	;# 
   358  0189                     	;# 
   359  018C                     	;# 
   360  018D                     	;# 
   361  0014                     _SSPCON	set	20
   362  0006                     _PORTB	set	6
   363  0008                     _PORTD	set	8
   364  0013                     _SSPBUF	set	19
   365  0014                     _SSPCONbits	set	20
   366  000C                     _PIR1bits	set	12
   367  0063                     _SSPIF	set	99
   368  005E                     _PEIE	set	94
   369  005F                     _GIE	set	95
   370  0091                     _SSPCON2bits	set	145
   371  0087                     _TRISCbits	set	135
   372  0094                     _SSPSTAT	set	148
   373  0093                     _SSPADD	set	147
   374  0091                     _SSPCON2	set	145
   375  008F                     _OSCCONbits	set	143
   376  0088                     _TRISD	set	136
   377  0086                     _TRISB	set	134
   378  0094                     _SSPSTATbits	set	148
   379  0463                     _SSPIE	set	1123
   380  043C                     _TRISC4	set	1084
   381  043B                     _TRISC3	set	1083
   382  04A0                     _BF	set	1184
   383  0189                     _ANSELH	set	393
   384  0188                     _ANSEL	set	392
   385                           
   386                           	psect	cinit
   387  000F                     start_initialization:	
   388                           ; #config settings
   389                           
   390  000F                     __initialization:
   391                           
   392                           ; Clear objects allocated to COMMON
   393  000F  01F7               	clrf	__pbssCOMMON& (0+127)
   394  0010  01F8               	clrf	(__pbssCOMMON+1)& (0+127)
   395  0011                     end_of_initialization:	
   396                           ;End of C runtime variable initialization code
   397                           
   398  0011                     __end_of__initialization:
   399  0011  0183               	clrf	3
   400  0012  120A  118A  2892   	ljmp	_main	;jump to C main() function
   401                           
   402                           	psect	bssCOMMON
   403  0077                     __pbssCOMMON:
   404  0077                     _dato:
   405  0077                     	ds	1
   406  0078                     _z:
   407  0078                     	ds	1
   408                           
   409                           	psect	cstackCOMMON
   410  0070                     __pcstackCOMMON:
   411  0070                     ?_setup:
   412  0070                     ?_I2C_Slave_Init:	
   413                           ; 1 bytes @ 0x0
   414                           
   415  0070                     ?_ISR:	
   416                           ; 1 bytes @ 0x0
   417                           
   418  0070                     ??_ISR:	
   419                           ; 1 bytes @ 0x0
   420                           
   421  0070                     ?_main:	
   422                           ; 1 bytes @ 0x0
   423                           
   424                           
   425                           ; 1 bytes @ 0x0
   426  0070                     	ds	3
   427  0073                     ??_I2C_Slave_Init:
   428  0073                     I2C_Slave_Init@address:	
   429                           ; 1 bytes @ 0x3
   430                           
   431                           
   432                           ; 1 bytes @ 0x3
   433  0073                     	ds	1
   434  0074                     ??_setup:
   435  0074                     ??_main:	
   436                           ; 1 bytes @ 0x4
   437                           
   438                           
   439                           ; 1 bytes @ 0x4
   440  0074                     	ds	3
   441                           
   442                           	psect	maintext
   443  0092                     __pmaintext:	
   444 ;;
   445 ;;Main: autosize = 0, tempsize = 3, incstack = 0, save=0
   446 ;;
   447 ;; *************** function _main *****************
   448 ;; Defined at:
   449 ;;		line 98 in file "main_esclavo_mini2.c"
   450 ;; Parameters:    Size  Location     Type
   451 ;;		None
   452 ;; Auto vars:     Size  Location     Type
   453 ;;		None
   454 ;; Return value:  Size  Location     Type
   455 ;;                  1    wreg      void 
   456 ;; Registers used:
   457 ;;		wreg, status,2, status,0, pclath, cstack
   458 ;; Tracked objects:
   459 ;;		On entry : B00/0
   460 ;;		On exit  : 0/0
   461 ;;		Unchanged: 0/0
   462 ;; Data sizes:     COMMON   BANK0   BANK1   BANK3   BANK2
   463 ;;      Params:         0       0       0       0       0
   464 ;;      Locals:         0       0       0       0       0
   465 ;;      Temps:          3       0       0       0       0
   466 ;;      Totals:         3       0       0       0       0
   467 ;;Total ram usage:        3 bytes
   468 ;; Hardware stack levels required when called:    3
   469 ;; This function calls:
   470 ;;		_setup
   471 ;; This function is called by:
   472 ;;		Startup code after reset
   473 ;; This function uses a non-reentrant model
   474 ;;
   475                           
   476                           
   477                           ;psect for function _main
   478  0092                     _main:
   479  0092                     l780:	
   480                           ;incstack = 0
   481                           ; Regs used in _main: [wreg+status,2+status,0+pclath+cstack]
   482                           
   483                           
   484                           ;main_esclavo_mini2.c: 99:     setup();
   485  0092  120A  118A  20AB  120A  118A  	fcall	_setup
   486  0097                     l782:
   487                           
   488                           ;main_esclavo_mini2.c: 105:         PORTB = ~PORTB;
   489  0097  1283               	bcf	3,5	;RP0=0, select bank0
   490  0098  1303               	bcf	3,6	;RP1=0, select bank0
   491  0099  0986               	comf	6,f	;volatile
   492  009A                     l784:
   493                           
   494                           ;main_esclavo_mini2.c: 106:        _delay((unsigned long)((500)*(8000000/4000.0)));
   495  009A  3006               	movlw	6
   496  009B  00F6               	movwf	??_main+2
   497  009C  3013               	movlw	19
   498  009D  00F5               	movwf	??_main+1
   499  009E  30AD               	movlw	173
   500  009F  00F4               	movwf	??_main
   501  00A0                     u147:
   502  00A0  0BF4               	decfsz	??_main,f
   503  00A1  28A0               	goto	u147
   504  00A2  0BF5               	decfsz	??_main+1,f
   505  00A3  28A0               	goto	u147
   506  00A4  0BF6               	decfsz	??_main+2,f
   507  00A5  28A0               	goto	u147
   508  00A6  28A7               	nop2
   509  00A7  2897               	goto	l782
   510  00A8  120A  118A  280C   	ljmp	start
   511  00AB                     __end_of_main:
   512                           
   513                           	psect	text1
   514  00AB                     __ptext1:	
   515 ;; *************** function _setup *****************
   516 ;; Defined at:
   517 ;;		line 115 in file "main_esclavo_mini2.c"
   518 ;; Parameters:    Size  Location     Type
   519 ;;		None
   520 ;; Auto vars:     Size  Location     Type
   521 ;;		None
   522 ;; Return value:  Size  Location     Type
   523 ;;                  1    wreg      void 
   524 ;; Registers used:
   525 ;;		wreg, status,2, status,0, pclath, cstack
   526 ;; Tracked objects:
   527 ;;		On entry : 0/0
   528 ;;		On exit  : 0/0
   529 ;;		Unchanged: 0/0
   530 ;; Data sizes:     COMMON   BANK0   BANK1   BANK3   BANK2
   531 ;;      Params:         0       0       0       0       0
   532 ;;      Locals:         0       0       0       0       0
   533 ;;      Temps:          0       0       0       0       0
   534 ;;      Totals:         0       0       0       0       0
   535 ;;Total ram usage:        0 bytes
   536 ;; Hardware stack levels used:    1
   537 ;; Hardware stack levels required when called:    2
   538 ;; This function calls:
   539 ;;		_I2C_Slave_Init
   540 ;; This function is called by:
   541 ;;		_main
   542 ;; This function uses a non-reentrant model
   543 ;;
   544                           
   545                           
   546                           ;psect for function _setup
   547  00AB                     _setup:
   548  00AB                     l738:	
   549                           ;incstack = 0
   550                           ; Regs used in _setup: [wreg+status,2+status,0+pclath+cstack]
   551                           
   552                           
   553                           ;main_esclavo_mini2.c: 116:     ANSEL = 0;
   554  00AB  1683               	bsf	3,5	;RP0=1, select bank3
   555  00AC  1703               	bsf	3,6	;RP1=1, select bank3
   556  00AD  0188               	clrf	8	;volatile
   557                           
   558                           ;main_esclavo_mini2.c: 117:     ANSELH = 0;
   559  00AE  0189               	clrf	9	;volatile
   560                           
   561                           ;main_esclavo_mini2.c: 119:     TRISB = 0;
   562  00AF  1683               	bsf	3,5	;RP0=1, select bank1
   563  00B0  1303               	bcf	3,6	;RP1=0, select bank1
   564  00B1  0186               	clrf	6	;volatile
   565                           
   566                           ;main_esclavo_mini2.c: 120:     TRISD = 0;
   567  00B2  0188               	clrf	8	;volatile
   568                           
   569                           ;main_esclavo_mini2.c: 122:     PORTB = 0;
   570  00B3  1283               	bcf	3,5	;RP0=0, select bank0
   571  00B4  1303               	bcf	3,6	;RP1=0, select bank0
   572  00B5  0186               	clrf	6	;volatile
   573                           
   574                           ;main_esclavo_mini2.c: 123:     PORTD = 0;
   575  00B6  0188               	clrf	8	;volatile
   576  00B7                     l740:
   577                           
   578                           ;main_esclavo_mini2.c: 124:     I2C_Slave_Init(0x50);
   579  00B7  3050               	movlw	80
   580  00B8  120A  118A  2078  120A  118A  	fcall	_I2C_Slave_Init
   581  00BD                     l61:
   582  00BD  0008               	return
   583  00BE                     __end_of_setup:
   584                           
   585                           	psect	text2
   586  0078                     __ptext2:	
   587 ;; *************** function _I2C_Slave_Init *****************
   588 ;; Defined at:
   589 ;;		line 115 in file "I2C.c"
   590 ;; Parameters:    Size  Location     Type
   591 ;;  address         1    wreg     unsigned char 
   592 ;; Auto vars:     Size  Location     Type
   593 ;;  address         1    3[COMMON] unsigned char 
   594 ;; Return value:  Size  Location     Type
   595 ;;                  1    wreg      void 
   596 ;; Registers used:
   597 ;;		wreg
   598 ;; Tracked objects:
   599 ;;		On entry : 0/0
   600 ;;		On exit  : 0/0
   601 ;;		Unchanged: 0/0
   602 ;; Data sizes:     COMMON   BANK0   BANK1   BANK3   BANK2
   603 ;;      Params:         0       0       0       0       0
   604 ;;      Locals:         1       0       0       0       0
   605 ;;      Temps:          0       0       0       0       0
   606 ;;      Totals:         1       0       0       0       0
   607 ;;Total ram usage:        1 bytes
   608 ;; Hardware stack levels used:    1
   609 ;; Hardware stack levels required when called:    1
   610 ;; This function calls:
   611 ;;		Nothing
   612 ;; This function is called by:
   613 ;;		_setup
   614 ;; This function uses a non-reentrant model
   615 ;;
   616                           
   617                           
   618                           ;psect for function _I2C_Slave_Init
   619  0078                     _I2C_Slave_Init:
   620                           
   621                           ;incstack = 0
   622                           ; Regs used in _I2C_Slave_Init: [wreg]
   623                           ;I2C_Slave_Init@address stored from wreg
   624  0078  00F3               	movwf	I2C_Slave_Init@address
   625  0079                     l724:
   626                           
   627                           ;I2C.c: 115: void I2C_Slave_Init(uint8_t address);I2C.c: 116: {;I2C.c: 117:     SSPADD =
      +                           address;
   628  0079  0873               	movf	I2C_Slave_Init@address,w
   629  007A  1683               	bsf	3,5	;RP0=1, select bank1
   630  007B  1303               	bcf	3,6	;RP1=0, select bank1
   631  007C  0093               	movwf	19	;volatile
   632                           
   633                           ;I2C.c: 118:     SSPCON = 0x36;
   634  007D  3036               	movlw	54
   635  007E  1283               	bcf	3,5	;RP0=0, select bank0
   636  007F  1303               	bcf	3,6	;RP1=0, select bank0
   637  0080  0094               	movwf	20	;volatile
   638                           
   639                           ;I2C.c: 119:     SSPSTAT = 0x80;
   640  0081  3080               	movlw	128
   641  0082  1683               	bsf	3,5	;RP0=1, select bank1
   642  0083  1303               	bcf	3,6	;RP1=0, select bank1
   643  0084  0094               	movwf	20	;volatile
   644                           
   645                           ;I2C.c: 120:     SSPCON2 = 0x01;
   646  0085  3001               	movlw	1
   647  0086  0091               	movwf	17	;volatile
   648  0087                     l726:
   649                           
   650                           ;I2C.c: 121:     TRISC3 = 1;
   651  0087  1587               	bsf	7,3	;volatile
   652  0088                     l728:
   653                           
   654                           ;I2C.c: 122:     TRISC4 = 1;
   655  0088  1607               	bsf	7,4	;volatile
   656  0089                     l730:
   657                           
   658                           ;I2C.c: 123:     GIE = 1;
   659  0089  178B               	bsf	11,7	;volatile
   660  008A                     l732:
   661                           
   662                           ;I2C.c: 124:     PEIE = 1;
   663  008A  170B               	bsf	11,6	;volatile
   664  008B                     l734:
   665                           
   666                           ;I2C.c: 125:     SSPIF = 0;
   667  008B  1283               	bcf	3,5	;RP0=0, select bank0
   668  008C  1303               	bcf	3,6	;RP1=0, select bank0
   669  008D  118C               	bcf	12,3	;volatile
   670  008E                     l736:
   671                           
   672                           ;I2C.c: 126:     SSPIE = 1;
   673  008E  1683               	bsf	3,5	;RP0=1, select bank1
   674  008F  1303               	bcf	3,6	;RP1=0, select bank1
   675  0090  158C               	bsf	12,3	;volatile
   676  0091                     l132:
   677  0091  0008               	return
   678  0092                     __end_of_I2C_Slave_Init:
   679                           
   680                           	psect	text3
   681  0015                     __ptext3:	
   682 ;; *************** function _ISR *****************
   683 ;; Defined at:
   684 ;;		line 59 in file "main_esclavo_mini2.c"
   685 ;; Parameters:    Size  Location     Type
   686 ;;		None
   687 ;; Auto vars:     Size  Location     Type
   688 ;;		None
   689 ;; Return value:  Size  Location     Type
   690 ;;                  1    wreg      void 
   691 ;; Registers used:
   692 ;;		wreg
   693 ;; Tracked objects:
   694 ;;		On entry : 0/0
   695 ;;		On exit  : 0/0
   696 ;;		Unchanged: 0/0
   697 ;; Data sizes:     COMMON   BANK0   BANK1   BANK3   BANK2
   698 ;;      Params:         0       0       0       0       0
   699 ;;      Locals:         0       0       0       0       0
   700 ;;      Temps:          3       0       0       0       0
   701 ;;      Totals:         3       0       0       0       0
   702 ;;Total ram usage:        3 bytes
   703 ;; Hardware stack levels used:    1
   704 ;; This function calls:
   705 ;;		Nothing
   706 ;; This function is called by:
   707 ;;		Interrupt level 1
   708 ;; This function uses a non-reentrant model
   709 ;;
   710                           
   711                           
   712                           ;psect for function _ISR
   713  0015                     _ISR:
   714  0015                     i1l746:
   715                           
   716                           ;main_esclavo_mini2.c: 61:     if(PIR1bits.SSPIF == 1){
   717  0015  1283               	bcf	3,5	;RP0=0, select bank0
   718  0016  1303               	bcf	3,6	;RP1=0, select bank0
   719  0017  1D8C               	btfss	12,3	;volatile
   720  0018  281A               	goto	u3_21
   721  0019  281B               	goto	u3_20
   722  001A                     u3_21:
   723  001A  2871               	goto	i1l50
   724  001B                     u3_20:
   725  001B                     i1l748:
   726                           
   727                           ;main_esclavo_mini2.c: 63:         SSPCONbits.CKP = 0;
   728  001B  1214               	bcf	20,4	;volatile
   729                           
   730                           ;main_esclavo_mini2.c: 65:         if ((SSPCONbits.SSPOV) || (SSPCONbits.WCOL)){
   731  001C  1B14               	btfsc	20,6	;volatile
   732  001D  281F               	goto	u4_21
   733  001E  2820               	goto	u4_20
   734  001F                     u4_21:
   735  001F  2824               	goto	i1l752
   736  0020                     u4_20:
   737  0020                     i1l750:
   738  0020  1F94               	btfss	20,7	;volatile
   739  0021  2823               	goto	u5_21
   740  0022  2824               	goto	u5_20
   741  0023                     u5_21:
   742  0023  282B               	goto	i1l760
   743  0024                     u5_20:
   744  0024                     i1l752:
   745                           
   746                           ;main_esclavo_mini2.c: 66:             z = SSPBUF;
   747  0024  0813               	movf	19,w	;volatile
   748  0025  00F0               	movwf	??_ISR
   749  0026  0870               	movf	??_ISR,w
   750  0027  00F8               	movwf	_z
   751  0028                     i1l754:
   752                           
   753                           ;main_esclavo_mini2.c: 67:             SSPCONbits.SSPOV = 0;
   754  0028  1314               	bcf	20,6	;volatile
   755  0029                     i1l756:
   756                           
   757                           ;main_esclavo_mini2.c: 68:             SSPCONbits.WCOL = 0;
   758  0029  1394               	bcf	20,7	;volatile
   759  002A                     i1l758:
   760                           
   761                           ;main_esclavo_mini2.c: 69:             SSPCONbits.CKP = 1;
   762  002A  1614               	bsf	20,4	;volatile
   763  002B                     i1l760:
   764                           
   765                           ;main_esclavo_mini2.c: 72:         if(!SSPSTATbits.D_nA && !SSPSTATbits.R_nW) {
   766  002B  1683               	bsf	3,5	;RP0=1, select bank1
   767  002C  1303               	bcf	3,6	;RP1=0, select bank1
   768  002D  1A94               	btfsc	20,5	;volatile
   769  002E  2830               	goto	u6_21
   770  002F  2831               	goto	u6_20
   771  0030                     u6_21:
   772  0030  284D               	goto	i1l41
   773  0031                     u6_20:
   774  0031                     i1l762:
   775  0031  1914               	btfsc	20,2	;volatile
   776  0032  2834               	goto	u7_21
   777  0033  2835               	goto	u7_20
   778  0034                     u7_21:
   779  0034  284D               	goto	i1l41
   780  0035                     u7_20:
   781  0035                     i1l764:
   782                           
   783                           ;main_esclavo_mini2.c: 74:             z = SSPBUF;
   784  0035  1283               	bcf	3,5	;RP0=0, select bank0
   785  0036  1303               	bcf	3,6	;RP1=0, select bank0
   786  0037  0813               	movf	19,w	;volatile
   787  0038  00F0               	movwf	??_ISR
   788  0039  0870               	movf	??_ISR,w
   789  003A  00F8               	movwf	_z
   790  003B                     i1l766:
   791                           
   792                           ;main_esclavo_mini2.c: 76:             PIR1bits.SSPIF = 0;
   793  003B  118C               	bcf	12,3	;volatile
   794  003C                     i1l768:
   795                           
   796                           ;main_esclavo_mini2.c: 77:             SSPCONbits.CKP = 1;
   797  003C  1614               	bsf	20,4	;volatile
   798  003D                     i1l42:	
   799                           ;main_esclavo_mini2.c: 78:             while(!SSPSTATbits.BF);
   800                           
   801  003D  1683               	bsf	3,5	;RP0=1, select bank1
   802  003E  1303               	bcf	3,6	;RP1=0, select bank1
   803  003F  1C14               	btfss	20,0	;volatile
   804  0040  2842               	goto	u8_21
   805  0041  2843               	goto	u8_20
   806  0042                     u8_21:
   807  0042  283D               	goto	i1l42
   808  0043                     u8_20:
   809  0043                     i1l770:
   810                           
   811                           ;main_esclavo_mini2.c: 79:             PORTD = SSPBUF;
   812  0043  1283               	bcf	3,5	;RP0=0, select bank0
   813  0044  1303               	bcf	3,6	;RP1=0, select bank0
   814  0045  0813               	movf	19,w	;volatile
   815  0046  0088               	movwf	8	;volatile
   816                           
   817                           ;main_esclavo_mini2.c: 80:             _delay((unsigned long)((250)*(8000000/4000000.0))
      +                          );
   818  0047  30A6               	movlw	166
   819  0048  00F0               	movwf	??_ISR
   820  0049                     u15_27:
   821  0049  0BF0               	decfsz	??_ISR,f
   822  004A  2849               	goto	u15_27
   823  004B  0000               	nop
   824                           
   825                           ;main_esclavo_mini2.c: 82:         }else if(!SSPSTATbits.D_nA && SSPSTATbits.R_nW){
   826  004C  286E               	goto	i1l45
   827  004D                     i1l41:
   828  004D  1A94               	btfsc	20,5	;volatile
   829  004E  2850               	goto	u9_21
   830  004F  2851               	goto	u9_20
   831  0050                     u9_21:
   832  0050  286E               	goto	i1l45
   833  0051                     u9_20:
   834  0051                     i1l772:
   835  0051  1D14               	btfss	20,2	;volatile
   836  0052  2854               	goto	u10_21
   837  0053  2855               	goto	u10_20
   838  0054                     u10_21:
   839  0054  286E               	goto	i1l45
   840  0055                     u10_20:
   841  0055                     i1l774:
   842                           
   843                           ;main_esclavo_mini2.c: 83:             z = SSPBUF;
   844  0055  1283               	bcf	3,5	;RP0=0, select bank0
   845  0056  1303               	bcf	3,6	;RP1=0, select bank0
   846  0057  0813               	movf	19,w	;volatile
   847  0058  00F0               	movwf	??_ISR
   848  0059  0870               	movf	??_ISR,w
   849  005A  00F8               	movwf	_z
   850  005B                     i1l776:
   851                           
   852                           ;main_esclavo_mini2.c: 84:             BF = 0;
   853  005B  1683               	bsf	3,5	;RP0=1, select bank1
   854  005C  1303               	bcf	3,6	;RP1=0, select bank1
   855  005D  1014               	bcf	20,0	;volatile
   856                           
   857                           ;main_esclavo_mini2.c: 85:             SSPBUF = PORTB;
   858  005E  1283               	bcf	3,5	;RP0=0, select bank0
   859  005F  1303               	bcf	3,6	;RP1=0, select bank0
   860  0060  0806               	movf	6,w	;volatile
   861  0061  0093               	movwf	19	;volatile
   862  0062                     i1l778:
   863                           
   864                           ;main_esclavo_mini2.c: 86:             SSPCONbits.CKP = 1;
   865  0062  1614               	bsf	20,4	;volatile
   866                           
   867                           ;main_esclavo_mini2.c: 87:             _delay((unsigned long)((250)*(8000000/4000000.0))
      +                          );
   868  0063  30A6               	movlw	166
   869  0064  00F0               	movwf	??_ISR
   870  0065                     u16_27:
   871  0065  0BF0               	decfsz	??_ISR,f
   872  0066  2865               	goto	u16_27
   873  0067  0000               	nop
   874  0068                     i1l47:	
   875                           ;main_esclavo_mini2.c: 88:             while(SSPSTATbits.BF);
   876                           
   877  0068  1683               	bsf	3,5	;RP0=1, select bank1
   878  0069  1303               	bcf	3,6	;RP1=0, select bank1
   879  006A  1814               	btfsc	20,0	;volatile
   880  006B  286D               	goto	u11_21
   881  006C  286E               	goto	u11_20
   882  006D                     u11_21:
   883  006D  2868               	goto	i1l47
   884  006E                     u11_20:
   885  006E                     i1l45:
   886                           
   887                           ;main_esclavo_mini2.c: 91:         PIR1bits.SSPIF = 0;
   888  006E  1283               	bcf	3,5	;RP0=0, select bank0
   889  006F  1303               	bcf	3,6	;RP1=0, select bank0
   890  0070  118C               	bcf	12,3	;volatile
   891  0071                     i1l50:
   892  0071  0872               	movf	??_ISR+2,w
   893  0072  008A               	movwf	10
   894  0073  0E71               	swapf	??_ISR+1,w
   895  0074  0083               	movwf	3
   896  0075  0EFE               	swapf	btemp,f
   897  0076  0E7E               	swapf	btemp,w
   898  0077  0009               	retfie
   899  0078                     __end_of_ISR:
   900  007E                     btemp	set	126	;btemp
   901  007E                     wtemp0	set	126
   902                           
   903                           	psect	intentry
   904  0004                     __pintentry:	
   905                           ;incstack = 0
   906                           ; Regs used in _ISR: [wreg]
   907                           
   908  0004                     interrupt_function:
   909  007E                     saved_w	set	btemp
   910  0004  00FE               	movwf	btemp
   911  0005  0E03               	swapf	3,w
   912  0006  00F1               	movwf	??_ISR+1
   913  0007  080A               	movf	10,w
   914  0008  00F2               	movwf	??_ISR+2
   915  0009  120A  118A  2815   	ljmp	_ISR
   916                           
   917                           	psect	config
   918                           
   919                           ;Config register CONFIG1 @ 0x2007
   920                           ;	Oscillator Selection bits
   921                           ;	FOSC = EXTRC_NOCLKOUT, RCIO oscillator: I/O function on RA6/OSC2/CLKOUT pin, RC on RA7
      +                          /OSC1/CLKIN
   922                           ;	Watchdog Timer Enable bit
   923                           ;	WDTE = OFF, WDT disabled and can be enabled by SWDTEN bit of the WDTCON register
   924                           ;	Power-up Timer Enable bit
   925                           ;	PWRTE = OFF, PWRT disabled
   926                           ;	RE3/MCLR pin function select bit
   927                           ;	MCLRE = OFF, RE3/MCLR pin function is digital input, MCLR internally tied to VDD
   928                           ;	Code Protection bit
   929                           ;	CP = OFF, Program memory code protection is disabled
   930                           ;	Data Code Protection bit
   931                           ;	CPD = OFF, Data memory code protection is disabled
   932                           ;	Brown Out Reset Selection bits
   933                           ;	BOREN = OFF, BOR disabled
   934                           ;	Internal External Switchover bit
   935                           ;	IESO = OFF, Internal/External Switchover mode is disabled
   936                           ;	Fail-Safe Clock Monitor Enabled bit
   937                           ;	FCMEN = OFF, Fail-Safe Clock Monitor is disabled
   938                           ;	Low Voltage Programming Enable bit
   939                           ;	LVP = OFF, RB3 pin has digital I/O, HV on MCLR must be used for programming
   940                           ;	In-Circuit Debugger Mode bit
   941                           ;	DEBUG = 0x1, unprogrammed default
   942  2007                     	org	8199
   943  2007  20D6               	dw	8406
   944                           
   945                           ;Config register CONFIG2 @ 0x2008
   946                           ;	Brown-out Reset Selection bit
   947                           ;	BOR4V = BOR40V, Brown-out Reset set to 4.0V
   948                           ;	Flash Program Memory Self Write Enable bits
   949                           ;	WRT = OFF, Write protection off
   950  2008                     	org	8200
   951  2008  3FFF               	dw	16383

Data Sizes:
    Strings     0
    Constant    0
    Data        0
    BSS         2
    Persistent  0
    Stack       0

Auto Spaces:
    Space          Size  Autos    Used
    COMMON           14      7       9
    BANK0            80      0       0
    BANK1            80      0       0
    BANK3            96      0       0
    BANK2            96      0       0

Pointer List with Targets:

    None.

Critical Paths under _main in COMMON

    _setup->_I2C_Slave_Init

Critical Paths under _ISR in COMMON

    None.

Critical Paths under _main in BANK0

    None.

Critical Paths under _ISR in BANK0

    None.

Critical Paths under _main in BANK1

    None.

Critical Paths under _ISR in BANK1

    None.

Critical Paths under _main in BANK3

    None.

Critical Paths under _ISR in BANK3

    None.

Critical Paths under _main in BANK2

    None.

Critical Paths under _ISR in BANK2

    None.

Call Graph Tables:

 ---------------------------------------------------------------------------------
 (Depth) Function   	        Calls       Base Space   Used Autos Params    Refs
 ---------------------------------------------------------------------------------
 (0) _main                                                 3     3      0      15
                                              4 COMMON     3     3      0
                              _setup
 ---------------------------------------------------------------------------------
 (1) _setup                                                0     0      0      15
                     _I2C_Slave_Init
 ---------------------------------------------------------------------------------
 (2) _I2C_Slave_Init                                       1     1      0      15
                                              3 COMMON     1     1      0
 ---------------------------------------------------------------------------------
 Estimated maximum stack depth 2
 ---------------------------------------------------------------------------------
 (Depth) Function   	        Calls       Base Space   Used Autos Params    Refs
 ---------------------------------------------------------------------------------
 (3) _ISR                                                  3     3      0       0
                                              0 COMMON     3     3      0
 ---------------------------------------------------------------------------------
 Estimated maximum stack depth 3
 ---------------------------------------------------------------------------------

 Call Graph Graphs:

 _main (ROOT)
   _setup
     _I2C_Slave_Init

 _ISR (ROOT)

 Address spaces:
Name               Size   Autos  Total    Cost      Usage
BITCOMMON            E      0       0       0        0.0%
EEDATA             100      0       0       0        0.0%
NULL                 0      0       0       0        0.0%
CODE                 0      0       0       0        0.0%
COMMON               E      7       9       1       64.3%
BITSFR0              0      0       0       1        0.0%
SFR0                 0      0       0       1        0.0%
BITSFR1              0      0       0       2        0.0%
SFR1                 0      0       0       2        0.0%
STACK                0      0       0       2        0.0%
ABS                  0      0       9       3        0.0%
BITBANK0            50      0       0       4        0.0%
BITSFR3              0      0       0       4        0.0%
SFR3                 0      0       0       4        0.0%
BANK0               50      0       0       5        0.0%
BITSFR2              0      0       0       5        0.0%
SFR2                 0      0       0       5        0.0%
BITBANK1            50      0       0       6        0.0%
BANK1               50      0       0       7        0.0%
BITBANK3            60      0       0       8        0.0%
BANK3               60      0       0       9        0.0%
BITBANK2            60      0       0      10        0.0%
BANK2               60      0       0      11        0.0%
DATA                 0      0       9      12        0.0%


Microchip Technology PIC Macro Assembler V2.31 build 20201012212115 
Symbol Table                                                                                   Wed Mar 03 19:30:30 2021

                      _z 0078              _SSPSTATbits 0094                       _BF 04A0  
                     l61 00BD                      l132 0091                      l730 0089  
                    l732 008A                      l724 0079                      l740 00B7  
                    l734 008B                      l726 0087                      l736 008E  
                    l728 0088                      l738 00AB                      l780 0092  
                    l782 0097                      l784 009A                      _GIE 005F  
                    u147 00A0                      _ISR 0015                     ?_ISR 0070  
                   _PEIE 005E                     i1l41 004D                     i1l42 003D  
                   i1l50 0071                     i1l45 006E                     i1l47 0068  
                   u3_20 001B                     u3_21 001A                     u4_20 0020  
                   u4_21 001F                     u5_20 0024                     u5_21 0023  
                   u6_20 0031                     u6_21 0030                     u7_20 0035  
                   u7_21 0034                     u8_20 0043                     u8_21 0042  
                   u9_20 0051                     u9_21 0050                     _dato 0077  
                   _main 0092                     btemp 007E                     start 000C  
                  ??_ISR 0070                    ?_main 0070                    _ANSEL 0188  
                  i1l750 0020                    i1l760 002B                    i1l752 0024  
                  i1l770 0043                    i1l762 0031                    i1l754 0028  
                  i1l746 0015                    i1l772 0051                    i1l764 0035  
                  i1l756 0029                    i1l748 001B                    i1l774 0055  
                  i1l766 003B                    i1l758 002A                    i1l776 005B  
                  i1l768 003C                    i1l778 0062                    u10_20 0055  
                  u10_21 0054                    u11_20 006E                    u11_21 006D  
                  u15_27 0049                    u16_27 0065                    _PORTB 0006  
                  _PORTD 0008                    _TRISB 0086                    _TRISD 0088  
                  _SSPIE 0463                    _SSPIF 0063                    _setup 00AB  
                  pclath 000A                    status 0003                    wtemp0 007E  
        __initialization 000F             __end_of_main 00AB                   ??_main 0074  
                 ?_setup 0070                   _ANSELH 0189                   _SSPADD 0093  
                 _TRISC3 043B                   _TRISC4 043C                   _SSPBUF 0013  
                 _SSPCON 0014                   saved_w 007E  __end_of__initialization 0011  
         __pcstackCOMMON 0070  __size_of_I2C_Slave_Init 001A            __end_of_setup 00BE  
                ??_setup 0074    I2C_Slave_Init@address 0073               __pmaintext 0092  
             __pintentry 0004                  _SSPCON2 0091                  _SSPSTAT 0094  
                __ptext1 00AB                  __ptext2 0078                  __ptext3 0015  
           __size_of_ISR 0063     end_of_initialization 0011           _I2C_Slave_Init 0078  
              _TRISCbits 0087   __end_of_I2C_Slave_Init 0092      start_initialization 000F  
            __end_of_ISR 0078          ?_I2C_Slave_Init 0070              __pbssCOMMON 0077  
              ___latbits 0002           __size_of_setup 0013        interrupt_function 0004  
               _PIR1bits 000C         ??_I2C_Slave_Init 0073            __size_of_main 0019  
               intlevel1 0000               _OSCCONbits 008F              _SSPCON2bits 0091  
             _SSPCONbits 0014  
